2018-08-31 10:22:57,130 [main] INFO  o.s.c.a.AnnotationConfigApplicationContext 590 - Refreshing org.springframework.context.annotation.AnnotationConfigApplicationContext@229c6181: startup date [Fri Aug 31 10:22:57 CST 2018]; root of context hierarchy
2018-08-31 10:22:57,408 [main] INFO  o.s.b.f.a.AutowiredAnnotationBeanPostProcessor 154 - JSR-330 'javax.inject.Inject' annotation found and supported for autowiring
2018-08-31 10:22:57,496 [main] INFO  o.s.c.s.PostProcessorRegistrationDelegate$BeanPostProcessorChecker 328 - Bean 'org.springframework.retry.annotation.RetryConfiguration' of type [org.springframework.retry.annotation.RetryConfiguration$$EnhancerBySpringCGLIB$$ca38d9a7] is not eligible for getting processed by all BeanPostProcessors (for example: not eligible for auto-proxying)
2018-08-31 10:22:57,510 [main] INFO  o.s.c.s.PostProcessorRegistrationDelegate$BeanPostProcessorChecker 328 - Bean 'configurationPropertiesRebinderAutoConfiguration' of type [org.springframework.cloud.autoconfigure.ConfigurationPropertiesRebinderAutoConfiguration$$EnhancerBySpringCGLIB$$f08f447f] is not eligible for getting processed by all BeanPostProcessors (for example: not eligible for auto-proxying)
2018-08-31 10:22:57,988 [main] INFO  o.s.c.n.eureka.InstanceInfoFactory 71 - Setting initial instance status as: STARTING
2018-08-31 10:22:58,022 [main] INFO  c.netflix.discovery.DiscoveryClient 349 - Initializing Eureka in region us-east-1
2018-08-31 10:22:58,292 [main] INFO  c.n.d.p.DiscoveryJerseyProvider 70 - Using JSON encoding codec LegacyJacksonJson
2018-08-31 10:22:58,292 [main] INFO  c.n.d.p.DiscoveryJerseyProvider 71 - Using JSON decoding codec LegacyJacksonJson
2018-08-31 10:22:58,378 [main] INFO  c.n.d.p.DiscoveryJerseyProvider 80 - Using XML encoding codec XStreamXml
2018-08-31 10:22:58,379 [main] INFO  c.n.d.p.DiscoveryJerseyProvider 81 - Using XML decoding codec XStreamXml
2018-08-31 10:22:58,600 [main] INFO  c.n.d.s.r.aws.ConfigClusterResolver 43 - Resolving eureka endpoints via configuration
2018-08-31 10:22:58,787 [main] INFO  c.netflix.discovery.DiscoveryClient 958 - Disable delta property : false
2018-08-31 10:22:58,787 [main] INFO  c.netflix.discovery.DiscoveryClient 959 - Single vip registry refresh property : null
2018-08-31 10:22:58,787 [main] INFO  c.netflix.discovery.DiscoveryClient 960 - Force full registry fetch : false
2018-08-31 10:22:58,787 [main] INFO  c.netflix.discovery.DiscoveryClient 961 - Application is null : false
2018-08-31 10:22:58,787 [main] INFO  c.netflix.discovery.DiscoveryClient 962 - Registered Applications size is zero : true
2018-08-31 10:22:58,787 [main] INFO  c.netflix.discovery.DiscoveryClient 964 - Application version is -1: true
2018-08-31 10:22:58,787 [main] INFO  c.netflix.discovery.DiscoveryClient 1047 - Getting all instance registry info from the eureka server
2018-08-31 10:22:59,100 [main] INFO  c.netflix.discovery.DiscoveryClient 1056 - The response status is 200
2018-08-31 10:22:59,100 [main] INFO  c.netflix.discovery.DiscoveryClient 1311 - Not registering with Eureka server per configuration
2018-08-31 10:22:59,100 [main] INFO  c.netflix.discovery.DiscoveryClient 449 - Discovery Client initialized at timestamp 1535682179100 with initial instances count: 4
2018-08-31 10:22:59,694 [main] INFO  o.s.c.c.c.ConfigServicePropertySourceLocator 186 - Multiple Config Server Urls found listed.
2018-08-31 10:22:59,694 [main] INFO  o.s.c.c.c.ConfigServicePropertySourceLocator 205 - Fetching config from server at : http://172.17.0.3:8888/
2018-08-31 10:23:20,784 [main] INFO  o.s.c.c.c.ConfigServicePropertySourceLocator 227 - Connect Timeout Exception on Url - http://172.17.0.3:8888/. Will be trying the next url if available
2018-08-31 10:23:20,784 [main] INFO  o.s.c.c.c.ConfigServicePropertySourceLocator 205 - Fetching config from server at : http://192.168.23.172:8888/
2018-08-31 10:23:21,894 [main] INFO  o.s.c.c.c.ConfigServicePropertySourceLocator 149 - Located environment: name=bp, profiles=[application,application-prod,config,redis,regular], label=master, version=cd0cf98063168462a4b4d4fae546ac2cfa7d6816, state=null
2018-08-31 10:23:21,895 [main] INFO  o.s.c.b.c.PropertySourceBootstrapConfiguration 98 - Located property source: CompositePropertySource {name='configService', propertySources=[MapPropertySource {name='configClient'}, MapPropertySource {name='https://dev.33.cn/wangtao/bonus-point-cloud.git/bonuspoint-config-repo/bp-regular.yml'}, MapPropertySource {name='https://dev.33.cn/wangtao/bonus-point-cloud.git/bonuspoint-config-repo/bp-redis.yml'}, MapPropertySource {name='https://dev.33.cn/wangtao/bonus-point-cloud.git/bonuspoint-config-repo/bp-config.yml'}, MapPropertySource {name='https://dev.33.cn/wangtao/bonus-point-cloud.git/bonuspoint-config-repo/bp-application-prod.yml'}, MapPropertySource {name='https://dev.33.cn/wangtao/bonus-point-cloud.git/bonuspoint-config-repo/bp-application.yml'}]}
2018-08-31 10:23:21,946 [main] INFO  c.f.bonuspoint.BonuspointApplication 659 - No active profile set, falling back to default profiles: default
2018-08-31 10:23:21,961 [main] INFO  o.s.b.w.s.c.AnnotationConfigServletWebServerApplicationContext 590 - Refreshing org.springframework.boot.web.servlet.context.AnnotationConfigServletWebServerApplicationContext@55a609dd: startup date [Fri Aug 31 10:23:21 CST 2018]; parent: org.springframework.context.annotation.AnnotationConfigApplicationContext@229c6181
2018-08-31 10:23:22,829 [main] INFO  o.s.b.f.s.DefaultListableBeanFactory 824 - Overriding bean definition for bean 'statFilter' with a different definition: replacing [Root bean: class [null]; scope=; abstract=false; lazyInit=false; autowireMode=3; dependencyCheck=0; autowireCandidate=true; primary=false; factoryBeanName=druidConfig; factoryMethodName=statFilter; initMethodName=null; destroyMethodName=(inferred); defined in class path resource [com/fuzamei/bonuspoint/configuration/DruidConfig.class]] with [Root bean: class [null]; scope=; abstract=false; lazyInit=false; autowireMode=3; dependencyCheck=0; autowireCandidate=true; primary=false; factoryBeanName=com.alibaba.druid.spring.boot.autoconfigure.stat.DruidFilterConfiguration; factoryMethodName=statFilter; initMethodName=null; destroyMethodName=(inferred); defined in class path resource [com/alibaba/druid/spring/boot/autoconfigure/stat/DruidFilterConfiguration.class]]
2018-08-31 10:23:23,210 [main] WARN  o.m.s.mapper.ClassPathMapperScanner 239 - Skipping MapperFactoryBean with name 'accountDao' and 'com.fuzamei.bonuspoint.dao.account.AccountDao' mapperInterface. Bean already defined with the same name!
2018-08-31 10:23:23,210 [main] WARN  o.m.s.mapper.ClassPathMapperScanner 239 - Skipping MapperFactoryBean with name 'companyCashDao' and 'com.fuzamei.bonuspoint.dao.asset.CompanyCashDao' mapperInterface. Bean already defined with the same name!
2018-08-31 10:23:23,210 [main] WARN  o.m.s.mapper.ClassPathMapperScanner 239 - Skipping MapperFactoryBean with name 'memberCashDao' and 'com.fuzamei.bonuspoint.dao.asset.MemberCashDao' mapperInterface. Bean already defined with the same name!
2018-08-31 10:23:23,210 [main] WARN  o.m.s.mapper.ClassPathMapperScanner 239 - Skipping MapperFactoryBean with name 'platformCashDao' and 'com.fuzamei.bonuspoint.dao.asset.PlatformCashDao' mapperInterface. Bean already defined with the same name!
2018-08-31 10:23:23,210 [main] WARN  o.m.s.mapper.ClassPathMapperScanner 239 - Skipping MapperFactoryBean with name 'userAuthorizationDao' and 'com.fuzamei.bonuspoint.dao.authorization.UserAuthorizationDao' mapperInterface. Bean already defined with the same name!
2018-08-31 10:23:23,210 [main] WARN  o.m.s.mapper.ClassPathMapperScanner 239 - Skipping MapperFactoryBean with name 'blockInfoDao' and 'com.fuzamei.bonuspoint.dao.block.BlockInfoDao' mapperInterface. Bean already defined with the same name!
2018-08-31 10:23:23,210 [main] WARN  o.m.s.mapper.ClassPathMapperScanner 239 - Skipping MapperFactoryBean with name 'accountMapper' and 'com.fuzamei.bonuspoint.dao.common.mapper.AccountMapper' mapperInterface. Bean already defined with the same name!
2018-08-31 10:23:23,210 [main] WARN  o.m.s.mapper.ClassPathMapperScanner 239 - Skipping MapperFactoryBean with name 'accountMapperTranfer' and 'com.fuzamei.bonuspoint.dao.common.mapper.AccountMapperTranfer' mapperInterface. Bean already defined with the same name!
2018-08-31 10:23:23,210 [main] WARN  o.m.s.mapper.ClassPathMapperScanner 239 - Skipping MapperFactoryBean with name 'appVersionMapper' and 'com.fuzamei.bonuspoint.dao.common.mapper.AppVersionMapper' mapperInterface. Bean already defined with the same name!
2018-08-31 10:23:23,210 [main] WARN  o.m.s.mapper.ClassPathMapperScanner 239 - Skipping MapperFactoryBean with name 'blockInfoMapper' and 'com.fuzamei.bonuspoint.dao.common.mapper.BlockInfoMapper' mapperInterface. Bean already defined with the same name!
2018-08-31 10:23:23,210 [main] WARN  o.m.s.mapper.ClassPathMapperScanner 239 - Skipping MapperFactoryBean with name 'cashRecordMapper' and 'com.fuzamei.bonuspoint.dao.common.mapper.CashRecordMapper' mapperInterface. Bean already defined with the same name!
2018-08-31 10:23:23,210 [main] WARN  o.m.s.mapper.ClassPathMapperScanner 239 - Skipping MapperFactoryBean with name 'companyInfoMapper' and 'com.fuzamei.bonuspoint.dao.common.mapper.CompanyInfoMapper' mapperInterface. Bean already defined with the same name!
2018-08-31 10:23:23,210 [main] WARN  o.m.s.mapper.ClassPathMapperScanner 239 - Skipping MapperFactoryBean with name 'contactMapper' and 'com.fuzamei.bonuspoint.dao.common.mapper.ContactMapper' mapperInterface. Bean already defined with the same name!
2018-08-31 10:23:23,226 [main] WARN  o.m.s.mapper.ClassPathMapperScanner 239 - Skipping MapperFactoryBean with name 'generalPointRecordMapper' and 'com.fuzamei.bonuspoint.dao.common.mapper.GeneralPointRecordMapper' mapperInterface. Bean already defined with the same name!
2018-08-31 10:23:23,226 [main] WARN  o.m.s.mapper.ClassPathMapperScanner 239 - Skipping MapperFactoryBean with name 'generalPointRelationMapper' and 'com.fuzamei.bonuspoint.dao.common.mapper.GeneralPointRelationMapper' mapperInterface. Bean already defined with the same name!
2018-08-31 10:23:23,226 [main] WARN  o.m.s.mapper.ClassPathMapperScanner 239 - Skipping MapperFactoryBean with name 'inviteMapper' and 'com.fuzamei.bonuspoint.dao.common.mapper.InviteMapper' mapperInterface. Bean already defined with the same name!
2018-08-31 10:23:23,226 [main] WARN  o.m.s.mapper.ClassPathMapperScanner 239 - Skipping MapperFactoryBean with name 'inviteTranferMapper' and 'com.fuzamei.bonuspoint.dao.common.mapper.InviteTranferMapper' mapperInterface. Bean already defined with the same name!
2018-08-31 10:23:23,226 [main] WARN  o.m.s.mapper.ClassPathMapperScanner 239 - Skipping MapperFactoryBean with name 'IOSVersionMapper' and 'com.fuzamei.bonuspoint.dao.common.mapper.IOSVersionMapper' mapperInterface. Bean already defined with the same name!
2018-08-31 10:23:23,226 [main] WARN  o.m.s.mapper.ClassPathMapperScanner 239 - Skipping MapperFactoryBean with name 'platformInfoMapper' and 'com.fuzamei.bonuspoint.dao.common.mapper.PlatformInfoMapper' mapperInterface. Bean already defined with the same name!
2018-08-31 10:23:23,226 [main] WARN  o.m.s.mapper.ClassPathMapperScanner 239 - Skipping MapperFactoryBean with name 'pointInfoMapper' and 'com.fuzamei.bonuspoint.dao.common.mapper.PointInfoMapper' mapperInterface. Bean already defined with the same name!
2018-08-31 10:23:23,226 [main] WARN  o.m.s.mapper.ClassPathMapperScanner 239 - Skipping MapperFactoryBean with name 'pointRecordMapper' and 'com.fuzamei.bonuspoint.dao.common.mapper.PointRecordMapper' mapperInterface. Bean already defined with the same name!
2018-08-31 10:23:23,226 [main] WARN  o.m.s.mapper.ClassPathMapperScanner 239 - Skipping MapperFactoryBean with name 'pointRelationMapper' and 'com.fuzamei.bonuspoint.dao.common.mapper.PointRelationMapper' mapperInterface. Bean already defined with the same name!
2018-08-31 10:23:23,226 [main] WARN  o.m.s.mapper.ClassPathMapperScanner 239 - Skipping MapperFactoryBean with name 'userAddressMapper' and 'com.fuzamei.bonuspoint.dao.common.mapper.UserAddressMapper' mapperInterface. Bean already defined with the same name!
2018-08-31 10:23:23,226 [main] WARN  o.m.s.mapper.ClassPathMapperScanner 239 - Skipping MapperFactoryBean with name 'userMapper' and 'com.fuzamei.bonuspoint.dao.common.mapper.UserMapper' mapperInterface. Bean already defined with the same name!
2018-08-31 10:23:23,226 [main] WARN  o.m.s.mapper.ClassPathMapperScanner 239 - Skipping MapperFactoryBean with name 'excelDao' and 'com.fuzamei.bonuspoint.dao.data.excel.ExcelDao' mapperInterface. Bean already defined with the same name!
2018-08-31 10:23:23,241 [main] WARN  o.m.s.mapper.ClassPathMapperScanner 239 - Skipping MapperFactoryBean with name 'goodDao' and 'com.fuzamei.bonuspoint.dao.good.GoodDao' mapperInterface. Bean already defined with the same name!
2018-08-31 10:23:23,241 [main] WARN  o.m.s.mapper.ClassPathMapperScanner 239 - Skipping MapperFactoryBean with name 'goodOrderDao' and 'com.fuzamei.bonuspoint.dao.good.GoodOrderDao' mapperInterface. Bean already defined with the same name!
2018-08-31 10:23:23,241 [main] WARN  o.m.s.mapper.ClassPathMapperScanner 239 - Skipping MapperFactoryBean with name 'goodSubTypeDao' and 'com.fuzamei.bonuspoint.dao.good.GoodSubTypeDao' mapperInterface. Bean already defined with the same name!
2018-08-31 10:23:23,241 [main] WARN  o.m.s.mapper.ClassPathMapperScanner 239 - Skipping MapperFactoryBean with name 'goodTypeDao' and 'com.fuzamei.bonuspoint.dao.good.GoodTypeDao' mapperInterface. Bean already defined with the same name!
2018-08-31 10:23:23,241 [main] WARN  o.m.s.mapper.ClassPathMapperScanner 239 - Skipping MapperFactoryBean with name 'locationDao' and 'com.fuzamei.bonuspoint.dao.location.LocationDao' mapperInterface. Bean already defined with the same name!
2018-08-31 10:23:23,241 [main] WARN  o.m.s.mapper.ClassPathMapperScanner 239 - Skipping MapperFactoryBean with name 'companyPointDao' and 'com.fuzamei.bonuspoint.dao.point.CompanyPointDao' mapperInterface. Bean already defined with the same name!
2018-08-31 10:23:23,241 [main] WARN  o.m.s.mapper.ClassPathMapperScanner 239 - Skipping MapperFactoryBean with name 'generalPointRecordDao' and 'com.fuzamei.bonuspoint.dao.point.GeneralPointRecordDao' mapperInterface. Bean already defined with the same name!
2018-08-31 10:23:23,241 [main] WARN  o.m.s.mapper.ClassPathMapperScanner 239 - Skipping MapperFactoryBean with name 'generalPointRelationDao' and 'com.fuzamei.bonuspoint.dao.point.GeneralPointRelationDao' mapperInterface. Bean already defined with the same name!
2018-08-31 10:23:23,241 [main] WARN  o.m.s.mapper.ClassPathMapperScanner 239 - Skipping MapperFactoryBean with name 'memberPointDao' and 'com.fuzamei.bonuspoint.dao.point.MemberPointDao' mapperInterface. Bean already defined with the same name!
2018-08-31 10:23:23,241 [main] WARN  o.m.s.mapper.ClassPathMapperScanner 239 - Skipping MapperFactoryBean with name 'platformPointDao' and 'com.fuzamei.bonuspoint.dao.point.PlatformPointDao' mapperInterface. Bean already defined with the same name!
2018-08-31 10:23:23,241 [main] WARN  o.m.s.mapper.ClassPathMapperScanner 239 - Skipping MapperFactoryBean with name 'companyInfoDao' and 'com.fuzamei.bonuspoint.dao.user.CompanyInfoDao' mapperInterface. Bean already defined with the same name!
2018-08-31 10:23:23,241 [main] WARN  o.m.s.mapper.ClassPathMapperScanner 239 - Skipping MapperFactoryBean with name 'companyMemberDao' and 'com.fuzamei.bonuspoint.dao.user.CompanyMemberDao' mapperInterface. Bean already defined with the same name!
2018-08-31 10:23:23,241 [main] WARN  o.m.s.mapper.ClassPathMapperScanner 239 - Skipping MapperFactoryBean with name 'contactDao' and 'com.fuzamei.bonuspoint.dao.user.ContactDao' mapperInterface. Bean already defined with the same name!
2018-08-31 10:23:23,257 [main] WARN  o.m.s.mapper.ClassPathMapperScanner 239 - Skipping MapperFactoryBean with name 'userAddressDao' and 'com.fuzamei.bonuspoint.dao.user.UserAddressDao' mapperInterface. Bean already defined with the same name!
2018-08-31 10:23:23,257 [main] WARN  o.m.s.mapper.ClassPathMapperScanner 239 - Skipping MapperFactoryBean with name 'userDao' and 'com.fuzamei.bonuspoint.dao.user.UserDao' mapperInterface. Bean already defined with the same name!
2018-08-31 10:23:23,257 [main] WARN  o.m.s.mapper.ClassPathMapperScanner 166 - No MyBatis mapper was found in '[com.fuzamei.bonuspoint]' package. Please check your configuration.
2018-08-31 10:23:23,399 [main] INFO  o.s.d.r.c.RepositoryConfigurationDelegate 163 - Multiple Spring Data modules found, entering strict repository configuration mode!
