2018-08-31 10:10:14,413 [main] INFO  o.s.c.a.AnnotationConfigApplicationContext 590 - Refreshing org.springframework.context.annotation.AnnotationConfigApplicationContext@b9b00e0: startup date [Fri Aug 31 10:10:14 CST 2018]; root of context hierarchy
2018-08-31 10:10:14,668 [main] INFO  o.s.b.f.a.AutowiredAnnotationBeanPostProcessor 154 - JSR-330 'javax.inject.Inject' annotation found and supported for autowiring
2018-08-31 10:10:14,744 [main] INFO  o.s.c.s.PostProcessorRegistrationDelegate$BeanPostProcessorChecker 328 - Bean 'org.springframework.retry.annotation.RetryConfiguration' of type [org.springframework.retry.annotation.RetryConfiguration$$EnhancerBySpringCGLIB$$aa7cefd6] is not eligible for getting processed by all BeanPostProcessors (for example: not eligible for auto-proxying)
2018-08-31 10:10:14,763 [main] INFO  o.s.c.s.PostProcessorRegistrationDelegate$BeanPostProcessorChecker 328 - Bean 'configurationPropertiesRebinderAutoConfiguration' of type [org.springframework.cloud.autoconfigure.ConfigurationPropertiesRebinderAutoConfiguration$$EnhancerBySpringCGLIB$$d0d35aae] is not eligible for getting processed by all BeanPostProcessors (for example: not eligible for auto-proxying)
2018-08-31 10:10:15,244 [main] INFO  o.s.c.n.eureka.InstanceInfoFactory 71 - Setting initial instance status as: STARTING
2018-08-31 10:10:15,299 [main] INFO  c.netflix.discovery.DiscoveryClient 349 - Initializing Eureka in region us-east-1
2018-08-31 10:10:15,640 [main] INFO  c.n.d.p.DiscoveryJerseyProvider 70 - Using JSON encoding codec LegacyJacksonJson
2018-08-31 10:10:15,641 [main] INFO  c.n.d.p.DiscoveryJerseyProvider 71 - Using JSON decoding codec LegacyJacksonJson
2018-08-31 10:10:15,714 [main] INFO  c.n.d.p.DiscoveryJerseyProvider 80 - Using XML encoding codec XStreamXml
2018-08-31 10:10:15,714 [main] INFO  c.n.d.p.DiscoveryJerseyProvider 81 - Using XML decoding codec XStreamXml
2018-08-31 10:10:15,884 [main] INFO  c.n.d.s.r.aws.ConfigClusterResolver 43 - Resolving eureka endpoints via configuration
2018-08-31 10:10:16,048 [main] INFO  c.netflix.discovery.DiscoveryClient 958 - Disable delta property : false
2018-08-31 10:10:16,048 [main] INFO  c.netflix.discovery.DiscoveryClient 959 - Single vip registry refresh property : null
2018-08-31 10:10:16,049 [main] INFO  c.netflix.discovery.DiscoveryClient 960 - Force full registry fetch : false
2018-08-31 10:10:16,049 [main] INFO  c.netflix.discovery.DiscoveryClient 961 - Application is null : false
2018-08-31 10:10:16,049 [main] INFO  c.netflix.discovery.DiscoveryClient 962 - Registered Applications size is zero : true
2018-08-31 10:10:16,049 [main] INFO  c.netflix.discovery.DiscoveryClient 964 - Application version is -1: true
2018-08-31 10:10:16,049 [main] INFO  c.netflix.discovery.DiscoveryClient 1047 - Getting all instance registry info from the eureka server
2018-08-31 10:10:16,350 [main] INFO  c.netflix.discovery.DiscoveryClient 1056 - The response status is 200
2018-08-31 10:10:16,352 [main] INFO  c.netflix.discovery.DiscoveryClient 1311 - Not registering with Eureka server per configuration
2018-08-31 10:10:16,355 [main] INFO  c.netflix.discovery.DiscoveryClient 449 - Discovery Client initialized at timestamp 1535681416354 with initial instances count: 3
2018-08-31 10:10:16,995 [main] INFO  o.s.c.c.c.ConfigServicePropertySourceLocator 186 - Multiple Config Server Urls found listed.
2018-08-31 10:10:16,996 [main] INFO  o.s.c.c.c.ConfigServicePropertySourceLocator 205 - Fetching config from server at : http://172.17.0.3:8888/
2018-08-31 10:10:38,052 [main] INFO  o.s.c.c.c.ConfigServicePropertySourceLocator 227 - Connect Timeout Exception on Url - http://172.17.0.3:8888/. Will be trying the next url if available
2018-08-31 10:10:38,052 [main] INFO  o.s.c.c.c.ConfigServicePropertySourceLocator 205 - Fetching config from server at : http://192.168.23.172:8888/
2018-08-31 10:10:39,497 [main] INFO  o.s.c.c.c.ConfigServicePropertySourceLocator 149 - Located environment: name=bp, profiles=[application,application-prod,config,redis,regular], label=master, version=cd0cf98063168462a4b4d4fae546ac2cfa7d6816, state=null
2018-08-31 10:10:39,498 [main] INFO  o.s.c.b.c.PropertySourceBootstrapConfiguration 98 - Located property source: CompositePropertySource {name='configService', propertySources=[MapPropertySource {name='configClient'}, MapPropertySource {name='https://dev.33.cn/wangtao/bonus-point-cloud.git/bonuspoint-config-repo/bp-regular.yml'}, MapPropertySource {name='https://dev.33.cn/wangtao/bonus-point-cloud.git/bonuspoint-config-repo/bp-redis.yml'}, MapPropertySource {name='https://dev.33.cn/wangtao/bonus-point-cloud.git/bonuspoint-config-repo/bp-config.yml'}, MapPropertySource {name='https://dev.33.cn/wangtao/bonus-point-cloud.git/bonuspoint-config-repo/bp-application-prod.yml'}, MapPropertySource {name='https://dev.33.cn/wangtao/bonus-point-cloud.git/bonuspoint-config-repo/bp-application.yml'}]}
2018-08-31 10:10:39,539 [main] INFO  c.f.bonuspoint.BonuspointApplication 659 - No active profile set, falling back to default profiles: default
2018-08-31 10:10:39,539 [main] INFO  o.s.b.w.s.c.AnnotationConfigServletWebServerApplicationContext 590 - Refreshing org.springframework.boot.web.servlet.context.AnnotationConfigServletWebServerApplicationContext@10ef5fa0: startup date [Fri Aug 31 10:10:39 CST 2018]; parent: org.springframework.context.annotation.AnnotationConfigApplicationContext@b9b00e0
2018-08-31 10:10:40,555 [main] INFO  o.s.b.f.s.DefaultListableBeanFactory 824 - Overriding bean definition for bean 'statFilter' with a different definition: replacing [Root bean: class [null]; scope=; abstract=false; lazyInit=false; autowireMode=3; dependencyCheck=0; autowireCandidate=true; primary=false; factoryBeanName=druidConfig; factoryMethodName=statFilter; initMethodName=null; destroyMethodName=(inferred); defined in class path resource [com/fuzamei/bonuspoint/configuration/DruidConfig.class]] with [Root bean: class [null]; scope=; abstract=false; lazyInit=false; autowireMode=3; dependencyCheck=0; autowireCandidate=true; primary=false; factoryBeanName=com.alibaba.druid.spring.boot.autoconfigure.stat.DruidFilterConfiguration; factoryMethodName=statFilter; initMethodName=null; destroyMethodName=(inferred); defined in class path resource [com/alibaba/druid/spring/boot/autoconfigure/stat/DruidFilterConfiguration.class]]
2018-08-31 10:10:41,013 [main] WARN  o.m.s.mapper.ClassPathMapperScanner 239 - Skipping MapperFactoryBean with name 'accountDao' and 'com.fuzamei.bonuspoint.dao.account.AccountDao' mapperInterface. Bean already defined with the same name!
2018-08-31 10:10:41,013 [main] WARN  o.m.s.mapper.ClassPathMapperScanner 239 - Skipping MapperFactoryBean with name 'companyCashDao' and 'com.fuzamei.bonuspoint.dao.asset.CompanyCashDao' mapperInterface. Bean already defined with the same name!
2018-08-31 10:10:41,013 [main] WARN  o.m.s.mapper.ClassPathMapperScanner 239 - Skipping MapperFactoryBean with name 'memberCashDao' and 'com.fuzamei.bonuspoint.dao.asset.MemberCashDao' mapperInterface. Bean already defined with the same name!
2018-08-31 10:10:41,013 [main] WARN  o.m.s.mapper.ClassPathMapperScanner 239 - Skipping MapperFactoryBean with name 'platformCashDao' and 'com.fuzamei.bonuspoint.dao.asset.PlatformCashDao' mapperInterface. Bean already defined with the same name!
2018-08-31 10:10:41,013 [main] WARN  o.m.s.mapper.ClassPathMapperScanner 239 - Skipping MapperFactoryBean with name 'userAuthorizationDao' and 'com.fuzamei.bonuspoint.dao.authorization.UserAuthorizationDao' mapperInterface. Bean already defined with the same name!
2018-08-31 10:10:41,014 [main] WARN  o.m.s.mapper.ClassPathMapperScanner 239 - Skipping MapperFactoryBean with name 'blockInfoDao' and 'com.fuzamei.bonuspoint.dao.block.BlockInfoDao' mapperInterface. Bean already defined with the same name!
2018-08-31 10:10:41,014 [main] WARN  o.m.s.mapper.ClassPathMapperScanner 239 - Skipping MapperFactoryBean with name 'accountMapper' and 'com.fuzamei.bonuspoint.dao.common.mapper.AccountMapper' mapperInterface. Bean already defined with the same name!
2018-08-31 10:10:41,014 [main] WARN  o.m.s.mapper.ClassPathMapperScanner 239 - Skipping MapperFactoryBean with name 'accountMapperTranfer' and 'com.fuzamei.bonuspoint.dao.common.mapper.AccountMapperTranfer' mapperInterface. Bean already defined with the same name!
2018-08-31 10:10:41,014 [main] WARN  o.m.s.mapper.ClassPathMapperScanner 239 - Skipping MapperFactoryBean with name 'appVersionMapper' and 'com.fuzamei.bonuspoint.dao.common.mapper.AppVersionMapper' mapperInterface. Bean already defined with the same name!
2018-08-31 10:10:41,014 [main] WARN  o.m.s.mapper.ClassPathMapperScanner 239 - Skipping MapperFactoryBean with name 'blockInfoMapper' and 'com.fuzamei.bonuspoint.dao.common.mapper.BlockInfoMapper' mapperInterface. Bean already defined with the same name!
2018-08-31 10:10:41,014 [main] WARN  o.m.s.mapper.ClassPathMapperScanner 239 - Skipping MapperFactoryBean with name 'cashRecordMapper' and 'com.fuzamei.bonuspoint.dao.common.mapper.CashRecordMapper' mapperInterface. Bean already defined with the same name!
2018-08-31 10:10:41,014 [main] WARN  o.m.s.mapper.ClassPathMapperScanner 239 - Skipping MapperFactoryBean with name 'companyInfoMapper' and 'com.fuzamei.bonuspoint.dao.common.mapper.CompanyInfoMapper' mapperInterface. Bean already defined with the same name!
2018-08-31 10:10:41,019 [main] WARN  o.m.s.mapper.ClassPathMapperScanner 239 - Skipping MapperFactoryBean with name 'contactMapper' and 'com.fuzamei.bonuspoint.dao.common.mapper.ContactMapper' mapperInterface. Bean already defined with the same name!
2018-08-31 10:10:41,019 [main] WARN  o.m.s.mapper.ClassPathMapperScanner 239 - Skipping MapperFactoryBean with name 'generalPointRecordMapper' and 'com.fuzamei.bonuspoint.dao.common.mapper.GeneralPointRecordMapper' mapperInterface. Bean already defined with the same name!
2018-08-31 10:10:41,019 [main] WARN  o.m.s.mapper.ClassPathMapperScanner 239 - Skipping MapperFactoryBean with name 'generalPointRelationMapper' and 'com.fuzamei.bonuspoint.dao.common.mapper.GeneralPointRelationMapper' mapperInterface. Bean already defined with the same name!
2018-08-31 10:10:41,019 [main] WARN  o.m.s.mapper.ClassPathMapperScanner 239 - Skipping MapperFactoryBean with name 'inviteMapper' and 'com.fuzamei.bonuspoint.dao.common.mapper.InviteMapper' mapperInterface. Bean already defined with the same name!
2018-08-31 10:10:41,019 [main] WARN  o.m.s.mapper.ClassPathMapperScanner 239 - Skipping MapperFactoryBean with name 'inviteTranferMapper' and 'com.fuzamei.bonuspoint.dao.common.mapper.InviteTranferMapper' mapperInterface. Bean already defined with the same name!
2018-08-31 10:10:41,019 [main] WARN  o.m.s.mapper.ClassPathMapperScanner 239 - Skipping MapperFactoryBean with name 'IOSVersionMapper' and 'com.fuzamei.bonuspoint.dao.common.mapper.IOSVersionMapper' mapperInterface. Bean already defined with the same name!
2018-08-31 10:10:41,019 [main] WARN  o.m.s.mapper.ClassPathMapperScanner 239 - Skipping MapperFactoryBean with name 'platformInfoMapper' and 'com.fuzamei.bonuspoint.dao.common.mapper.PlatformInfoMapper' mapperInterface. Bean already defined with the same name!
2018-08-31 10:10:41,019 [main] WARN  o.m.s.mapper.ClassPathMapperScanner 239 - Skipping MapperFactoryBean with name 'pointInfoMapper' and 'com.fuzamei.bonuspoint.dao.common.mapper.PointInfoMapper' mapperInterface. Bean already defined with the same name!
2018-08-31 10:10:41,020 [main] WARN  o.m.s.mapper.ClassPathMapperScanner 239 - Skipping MapperFactoryBean with name 'pointRecordMapper' and 'com.fuzamei.bonuspoint.dao.common.mapper.PointRecordMapper' mapperInterface. Bean already defined with the same name!
2018-08-31 10:10:41,020 [main] WARN  o.m.s.mapper.ClassPathMapperScanner 239 - Skipping MapperFactoryBean with name 'pointRelationMapper' and 'com.fuzamei.bonuspoint.dao.common.mapper.PointRelationMapper' mapperInterface. Bean already defined with the same name!
2018-08-31 10:10:41,020 [main] WARN  o.m.s.mapper.ClassPathMapperScanner 239 - Skipping MapperFactoryBean with name 'userAddressMapper' and 'com.fuzamei.bonuspoint.dao.common.mapper.UserAddressMapper' mapperInterface. Bean already defined with the same name!
2018-08-31 10:10:41,020 [main] WARN  o.m.s.mapper.ClassPathMapperScanner 239 - Skipping MapperFactoryBean with name 'userMapper' and 'com.fuzamei.bonuspoint.dao.common.mapper.UserMapper' mapperInterface. Bean already defined with the same name!
2018-08-31 10:10:41,020 [main] WARN  o.m.s.mapper.ClassPathMapperScanner 239 - Skipping MapperFactoryBean with name 'excelDao' and 'com.fuzamei.bonuspoint.dao.data.excel.ExcelDao' mapperInterface. Bean already defined with the same name!
2018-08-31 10:10:41,020 [main] WARN  o.m.s.mapper.ClassPathMapperScanner 239 - Skipping MapperFactoryBean with name 'goodDao' and 'com.fuzamei.bonuspoint.dao.good.GoodDao' mapperInterface. Bean already defined with the same name!
2018-08-31 10:10:41,020 [main] WARN  o.m.s.mapper.ClassPathMapperScanner 239 - Skipping MapperFactoryBean with name 'goodOrderDao' and 'com.fuzamei.bonuspoint.dao.good.GoodOrderDao' mapperInterface. Bean already defined with the same name!
2018-08-31 10:10:41,020 [main] WARN  o.m.s.mapper.ClassPathMapperScanner 239 - Skipping MapperFactoryBean with name 'goodSubTypeDao' and 'com.fuzamei.bonuspoint.dao.good.GoodSubTypeDao' mapperInterface. Bean already defined with the same name!
2018-08-31 10:10:41,020 [main] WARN  o.m.s.mapper.ClassPathMapperScanner 239 - Skipping MapperFactoryBean with name 'goodTypeDao' and 'com.fuzamei.bonuspoint.dao.good.GoodTypeDao' mapperInterface. Bean already defined with the same name!
2018-08-31 10:10:41,020 [main] WARN  o.m.s.mapper.ClassPathMapperScanner 239 - Skipping MapperFactoryBean with name 'locationDao' and 'com.fuzamei.bonuspoint.dao.location.LocationDao' mapperInterface. Bean already defined with the same name!
2018-08-31 10:10:41,020 [main] WARN  o.m.s.mapper.ClassPathMapperScanner 239 - Skipping MapperFactoryBean with name 'companyPointDao' and 'com.fuzamei.bonuspoint.dao.point.CompanyPointDao' mapperInterface. Bean already defined with the same name!
2018-08-31 10:10:41,020 [main] WARN  o.m.s.mapper.ClassPathMapperScanner 239 - Skipping MapperFactoryBean with name 'generalPointRecordDao' and 'com.fuzamei.bonuspoint.dao.point.GeneralPointRecordDao' mapperInterface. Bean already defined with the same name!
2018-08-31 10:10:41,020 [main] WARN  o.m.s.mapper.ClassPathMapperScanner 239 - Skipping MapperFactoryBean with name 'generalPointRelationDao' and 'com.fuzamei.bonuspoint.dao.point.GeneralPointRelationDao' mapperInterface. Bean already defined with the same name!
2018-08-31 10:10:41,036 [main] WARN  o.m.s.mapper.ClassPathMapperScanner 239 - Skipping MapperFactoryBean with name 'memberPointDao' and 'com.fuzamei.bonuspoint.dao.point.MemberPointDao' mapperInterface. Bean already defined with the same name!
2018-08-31 10:10:41,036 [main] WARN  o.m.s.mapper.ClassPathMapperScanner 239 - Skipping MapperFactoryBean with name 'platformPointDao' and 'com.fuzamei.bonuspoint.dao.point.PlatformPointDao' mapperInterface. Bean already defined with the same name!
2018-08-31 10:10:41,036 [main] WARN  o.m.s.mapper.ClassPathMapperScanner 239 - Skipping MapperFactoryBean with name 'companyInfoDao' and 'com.fuzamei.bonuspoint.dao.user.CompanyInfoDao' mapperInterface. Bean already defined with the same name!
2018-08-31 10:10:41,036 [main] WARN  o.m.s.mapper.ClassPathMapperScanner 239 - Skipping MapperFactoryBean with name 'companyMemberDao' and 'com.fuzamei.bonuspoint.dao.user.CompanyMemberDao' mapperInterface. Bean already defined with the same name!
2018-08-31 10:10:41,036 [main] WARN  o.m.s.mapper.ClassPathMapperScanner 239 - Skipping MapperFactoryBean with name 'contactDao' and 'com.fuzamei.bonuspoint.dao.user.ContactDao' mapperInterface. Bean already defined with the same name!
2018-08-31 10:10:41,036 [main] WARN  o.m.s.mapper.ClassPathMapperScanner 239 - Skipping MapperFactoryBean with name 'userAddressDao' and 'com.fuzamei.bonuspoint.dao.user.UserAddressDao' mapperInterface. Bean already defined with the same name!
2018-08-31 10:10:41,036 [main] WARN  o.m.s.mapper.ClassPathMapperScanner 239 - Skipping MapperFactoryBean with name 'userDao' and 'com.fuzamei.bonuspoint.dao.user.UserDao' mapperInterface. Bean already defined with the same name!
2018-08-31 10:10:41,036 [main] WARN  o.m.s.mapper.ClassPathMapperScanner 166 - No MyBatis mapper was found in '[com.fuzamei.bonuspoint]' package. Please check your configuration.
2018-08-31 10:10:41,161 [main] INFO  o.s.d.r.c.RepositoryConfigurationDelegate 163 - Multiple Spring Data modules found, entering strict repository configuration mode!
2018-08-31 10:10:41,773 [main] INFO  o.s.cloud.context.scope.GenericScope 294 - BeanFactory id=acc4a5c7-9826-384b-ade1-59011a23498a
2018-08-31 10:10:41,804 [main] INFO  o.s.b.f.a.AutowiredAnnotationBeanPostProcessor 154 - JSR-330 'javax.inject.Inject' annotation found and supported for autowiring
2018-08-31 10:10:41,912 [main] INFO  o.s.c.s.PostProcessorRegistrationDelegate$BeanPostProcessorChecker 328 - Bean 'org.springframework.transaction.annotation.ProxyTransactionManagementConfiguration' of type [org.springframework.transaction.annotation.ProxyTransactionManagementConfiguration$$EnhancerBySpringCGLIB$$b4b957b1] is not eligible for getting processed by all BeanPostProcessors (for example: not eligible for auto-proxying)
2018-08-31 10:10:41,957 [main] INFO  o.s.c.s.PostProcessorRegistrationDelegate$BeanPostProcessorChecker 328 - Bean 'org.springframework.cloud.autoconfigure.ConfigurationPropertiesRebinderAutoConfiguration' of type [org.springframework.cloud.autoconfigure.ConfigurationPropertiesRebinderAutoConfiguration$$EnhancerBySpringCGLIB$$d0d35aae] is not eligible for getting processed by all BeanPostProcessors (for example: not eligible for auto-proxying)
2018-08-31 10:10:42,255 [main] INFO  o.s.b.w.e.tomcat.TomcatWebServer 91 - Tomcat initialized with port(s): 9001 (http)
2018-08-31 10:10:42,255 [main] INFO  o.a.coyote.http11.Http11NioProtocol 180 - Initializing ProtocolHandler ["http-nio-9001"]
2018-08-31 10:10:42,270 [main] INFO  o.a.catalina.core.StandardService 180 - Starting service [Tomcat]
2018-08-31 10:10:42,270 [main] INFO  o.a.catalina.core.StandardEngine 180 - Starting Servlet Engine: Apache Tomcat/8.5.29
2018-08-31 10:10:42,270 [localhost-startStop-1] INFO  o.a.c.core.AprLifecycleListener 180 - The APR based Apache Tomcat Native library which allows optimal performance in production environments was not found on the java.library.path: [C:\Program Files\Java1.8\jdk1.8.0_162\bin;C:\WINDOWS\Sun\Java\bin;C:\WINDOWS\system32;C:\WINDOWS;C:\ProgramData\Oracle\Java\javapath;C:\Program Files (x86)\Intel\iCLS Client\;C:\Program Files\Intel\iCLS Client\;C:\Windows\system32;C:\Windows;C:\Windows\System32\Wbem;C:\Windows\System32\WindowsPowerShell\v1.0\;C:\Program Files (x86)\Intel\Intel(R) Management Engine Components\DAL;C:\Program Files\Intel\Intel(R) Management Engine Components\DAL;C:\Program Files (x86)\Intel\Intel(R) Management Engine Components\IPT;C:\Program Files\Intel\Intel(R) Management Engine Components\IPT;C:\Program Files (x86)\NVIDIA Corporation\PhysX\Common;C:\Program Files\Intel\WiFi\bin\;C:\Program Files\Common Files\Intel\WirelessCommon\;C:\ProgramFiles\MySQL\MySQLServer5.5\bin;C:\WINDOWS\system32;C:\WINDOWS;C:\WINDOWS\System32\Wbem;C:\WINDOWS\System32\WindowsPowerShell\v1.0\;C:\Program Files\Java1.8\jdk1.8.0_162\bin;C:\java\apache-maven-3.5.3-bin\apache-maven-3.5.3\bin\;C:\Program Files\Java1.8\jdk1.8.0_162\jre\bin;C:\Program Files (x86)\OpenVPN\bin;C:\java\gradle-3.3-all\gradle-3.3\bin;C:\WINDOWS\System32\OpenSSH\;C:\Program Files\Microsoft SQL Server\Client SDK\ODBC\130\Tools\Binn\;C:\Program Files (x86)\Microsoft SQL Server\140\Tools\Binn\;C:\Program Files\Microsoft SQL Server\140\Tools\Binn\;C:\Program Files\Microsoft SQL Server\140\DTS\Binn\;C:\Program Files (x86)\Microsoft SQL Server\Client SDK\ODBC\130\Tools\Binn\;C:\Program Files (x86)\Microsoft SQL Server\140\DTS\Binn\;C:\Program Files (x86)\Microsoft SQL Server\140\Tools\Binn\ManagementStudio\;C:\Users\18519\AppData\Local\Microsoft\WindowsApps;;C:\Program Files (x86)\SSH Communications Security\SSH Secure Shell;.]
2018-08-31 10:10:42,424 [localhost-startStop-1] INFO  o.a.c.c.C.[Tomcat].[localhost].[/] 180 - Initializing Spring embedded WebApplicationContext
2018-08-31 10:10:42,424 [localhost-startStop-1] INFO  o.s.web.context.ContextLoader 285 - Root WebApplicationContext: initialization completed in 2885 ms
2018-08-31 10:10:42,664 [localhost-startStop-1] WARN  c.n.c.sources.URLConfigurationSource 121 - No URLs will be polled as dynamic configuration sources.
2018-08-31 10:10:42,664 [localhost-startStop-1] INFO  c.n.c.sources.URLConfigurationSource 122 - To enable URLs as dynamic configuration sources, define System property archaius.configurationSource.additionalUrls or make config.properties available on classpath.
2018-08-31 10:10:42,679 [localhost-startStop-1] INFO  c.n.config.DynamicPropertyFactory 281 - DynamicPropertyFactory is initialized with configuration sources: com.netflix.config.ConcurrentCompositeConfiguration@e2b25f6
2018-08-31 10:10:42,940 [localhost-startStop-1] INFO  c.a.d.s.b.a.DruidDataSourceAutoConfigure 56 - Init DruidDataSource
2018-08-31 10:10:43,099 [localhost-startStop-1] INFO  c.alibaba.druid.pool.DruidDataSource 928 - {dataSource-1} inited
2018-08-31 10:10:44,804 [localhost-startStop-1] INFO  o.s.b.w.s.ServletRegistrationBean 185 - Servlet statViewServlet mapped to [/druid/*]
2018-08-31 10:10:44,804 [localhost-startStop-1] INFO  o.s.b.w.s.ServletRegistrationBean 185 - Servlet dispatcherServlet mapped to [/]
2018-08-31 10:10:44,804 [localhost-startStop-1] INFO  o.s.b.w.s.ServletRegistrationBean 185 - Servlet statViewServlet mapped to [/druid/*]
2018-08-31 10:10:44,804 [localhost-startStop-1] INFO  o.s.b.web.servlet.RegistrationBean 111 - Servlet statViewServlet was not registered (possibly already registered?)
2018-08-31 10:10:44,804 [localhost-startStop-1] INFO  o.s.b.w.s.FilterRegistrationBean 244 - Mapping filter: 'characterEncodingFilter' to: [/*]
2018-08-31 10:10:44,804 [localhost-startStop-1] INFO  o.s.b.w.s.FilterRegistrationBean 244 - Mapping filter: 'hiddenHttpMethodFilter' to: [/*]
2018-08-31 10:10:44,804 [localhost-startStop-1] INFO  o.s.b.w.s.FilterRegistrationBean 244 - Mapping filter: 'httpPutFormContentFilter' to: [/*]
2018-08-31 10:10:44,804 [localhost-startStop-1] INFO  o.s.b.w.s.FilterRegistrationBean 244 - Mapping filter: 'requestContextFilter' to: [/*]
2018-08-31 10:10:44,804 [localhost-startStop-1] INFO  o.s.b.w.s.FilterRegistrationBean 244 - Mapping filter: 'httpTraceFilter' to: [/*]
2018-08-31 10:10:44,804 [localhost-startStop-1] INFO  o.s.b.w.s.FilterRegistrationBean 257 - Mapping filter: 'webStatFilter' to urls: [/*]
2018-08-31 10:10:44,804 [localhost-startStop-1] INFO  o.s.b.w.s.FilterRegistrationBean 244 - Mapping filter: 'webMvcMetricsFilter' to: [/*]
2018-08-31 10:10:46,036 [main] INFO  o.s.o.j.LocalContainerEntityManagerFactoryBean 361 - Building JPA container EntityManagerFactory for persistence unit 'default'
2018-08-31 10:10:46,068 [main] INFO  o.h.jpa.internal.util.LogHelper 31 - HHH000204: Processing PersistenceUnitInfo [
	name: default
	...]
2018-08-31 10:10:46,161 [main] INFO  org.hibernate.Version 45 - HHH000412: Hibernate Core {5.2.16.Final}
2018-08-31 10:10:46,161 [main] INFO  org.hibernate.cfg.Environment 213 - HHH000206: hibernate.properties not found
2018-08-31 10:10:46,208 [main] INFO  o.h.annotations.common.Version 66 - HCANN000001: Hibernate Commons Annotations {5.0.1.Final}
2018-08-31 10:10:46,683 [main] INFO  org.hibernate.dialect.Dialect 157 - HHH000400: Using dialect: org.hibernate.dialect.MySQL5Dialect
2018-08-31 10:10:47,007 [main] INFO  o.s.o.j.LocalContainerEntityManagerFactoryBean 415 - Initialized JPA EntityManagerFactory for persistence unit 'default'
2018-08-31 10:10:48,648 [main] WARN  c.n.c.sources.URLConfigurationSource 121 - No URLs will be polled as dynamic configuration sources.
2018-08-31 10:10:48,648 [main] INFO  c.n.c.sources.URLConfigurationSource 122 - To enable URLs as dynamic configuration sources, define System property archaius.configurationSource.additionalUrls or make config.properties available on classpath.
2018-08-31 10:10:48,710 [main] INFO  o.s.w.s.h.SimpleUrlHandlerMapping 373 - Mapped URL path [/**/favicon.ico] onto handler of type [class org.springframework.web.servlet.resource.ResourceHttpRequestHandler]
2018-08-31 10:10:48,906 [main] INFO  o.s.w.s.m.m.a.RequestMappingHandlerAdapter 574 - Looking for @ControllerAdvice: org.springframework.boot.web.servlet.context.AnnotationConfigServletWebServerApplicationContext@10ef5fa0: startup date [Fri Aug 31 10:10:39 CST 2018]; parent: org.springframework.context.annotation.AnnotationConfigApplicationContext@b9b00e0
2018-08-31 10:10:48,922 [main] INFO  o.s.w.s.m.m.a.RequestMappingHandlerAdapter 610 - Detected ResponseBodyAdvice bean in myResponseControllerAdvice
2018-08-31 10:10:48,940 [main] WARN  o.s.b.a.o.j.JpaBaseConfiguration$JpaWebConfiguration$JpaWebMvcConfiguration 235 - spring.jpa.open-in-view is enabled by default. Therefore, database queries may be performed during view rendering. Explicitly configure spring.jpa.open-in-view to disable this warning
2018-08-31 10:10:48,991 [main] INFO  o.s.w.s.m.m.a.RequestMappingHandlerMapping 547 - Mapped "{[/bonus-point/asset/company/recharge/save],methods=[POST]}" onto public com.fuzamei.common.model.vo.ResponseVO com.fuzamei.bonuspoint.controller.asset.CompanyCashManageController.saveRechargeCashRecord(com.fuzamei.bonuspoint.entity.Token,com.fuzamei.bonuspoint.entity.dto.asset.CompanyCashRecordDTO)
2018-08-31 10:10:48,992 [main] INFO  o.s.w.s.m.m.a.RequestMappingHandlerMapping 547 - Mapped "{[/bonus-point/asset/company/withdraw/save],methods=[POST]}" onto public com.fuzamei.common.model.vo.ResponseVO com.fuzamei.bonuspoint.controller.asset.CompanyCashManageController.saveWithdrawCashRecord(com.fuzamei.bonuspoint.entity.Token,com.fuzamei.bonuspoint.entity.dto.asset.CompanyCashRecordDTO)
2018-08-31 10:10:48,993 [main] INFO  o.s.w.s.m.m.a.RequestMappingHandlerMapping 547 - Mapped "{[/bonus-point/asset/company/company-cash/get],methods=[GET]}" onto public com.fuzamei.common.model.vo.ResponseVO<com.fuzamei.bonuspoint.entity.vo.asset.CompanyCashRecordVO> com.fuzamei.bonuspoint.controller.asset.CompanyCashQueryController.getCompanyCashRecord(com.fuzamei.bonuspoint.entity.Token)
2018-08-31 10:10:48,994 [main] INFO  o.s.w.s.m.m.a.RequestMappingHandlerMapping 547 - Mapped "{[/bonus-point/asset/company/withdraw/get],methods=[POST]}" onto public com.fuzamei.common.model.vo.ResponseVO<com.fuzamei.common.bean.PageBean<com.fuzamei.bonuspoint.entity.vo.asset.CompanyCashRecordVO>> com.fuzamei.bonuspoint.controller.asset.CompanyCashQueryController.getWithdrawCashRecord(com.fuzamei.bonuspoint.entity.Token,com.fuzamei.bonuspoint.entity.dto.asset.CompanyCashRecordDTO)
2018-08-31 10:10:48,994 [main] INFO  o.s.w.s.m.m.a.RequestMappingHandlerMapping 547 - Mapped "{[/bonus-point/asset/company/provisions/get],methods=[GET]}" onto public com.fuzamei.common.model.vo.ResponseVO<com.fuzamei.bonuspoint.entity.po.user.CompanyInfoPO> com.fuzamei.bonuspoint.controller.asset.CompanyCashQueryController.getProvisionsCashRecord(com.fuzamei.bonuspoint.entity.Token)
2018-08-31 10:10:48,994 [main] INFO  o.s.w.s.m.m.a.RequestMappingHandlerMapping 547 - Mapped "{[/bonus-point/asset/company/recharge/get],methods=[POST]}" onto public com.fuzamei.common.model.vo.ResponseVO<com.fuzamei.common.bean.PageBean<com.fuzamei.bonuspoint.entity.vo.asset.CompanyCashRecordVO>> com.fuzamei.bonuspoint.controller.asset.CompanyCashQueryController.getRechargeCashRecord(com.fuzamei.bonuspoint.entity.Token,com.fuzamei.bonuspoint.entity.dto.asset.CompanyCashRecordDTO)
2018-08-31 10:10:48,995 [main] INFO  o.s.w.s.m.m.a.RequestMappingHandlerMapping 547 - Mapped "{[/bonus-point/asset/member/member-cash/get],methods=[GET]}" onto public com.fuzamei.common.model.vo.ResponseVO<com.fuzamei.bonuspoint.entity.vo.asset.MemberCashRecordVO> com.fuzamei.bonuspoint.controller.asset.MemberCashQueryController.getMemberCashRecord(com.fuzamei.bonuspoint.entity.Token)
2018-08-31 10:10:48,995 [main] INFO  o.s.w.s.m.m.a.RequestMappingHandlerMapping 547 - Mapped "{[/bonus-point/asset/member/member-point/list],methods=[GET]}" onto public com.fuzamei.common.model.vo.ResponseVO<java.util.List<com.fuzamei.bonuspoint.entity.vo.asset.MemberCashRecordVO>> com.fuzamei.bonuspoint.controller.asset.MemberCashQueryController.listMemberPointCashRecord(com.fuzamei.bonuspoint.entity.Token)
2018-08-31 10:10:48,995 [main] INFO  o.s.w.s.m.m.a.RequestMappingHandlerMapping 547 - Mapped "{[/bonus-point/asset/member/member-point-detail/get],methods=[GET]}" onto public com.fuzamei.common.model.vo.ResponseVO<java.util.List<com.fuzamei.bonuspoint.entity.vo.asset.MemberCashRecordVO>> com.fuzamei.bonuspoint.controller.asset.MemberCashQueryController.getMemberPointCashRecordDetail(com.fuzamei.bonuspoint.entity.Token)
2018-08-31 10:10:48,997 [main] INFO  o.s.w.s.m.m.a.RequestMappingHandlerMapping 547 - Mapped "{[/bonus-point/asset/platform/recharge/refuse],methods=[PUT]}" onto public com.fuzamei.common.model.vo.ResponseVO com.fuzamei.bonuspoint.controller.asset.PlatformCashManageController.refuseRechargeCashRecord(com.fuzamei.bonuspoint.entity.dto.asset.PlatformCashRecordDTO)
2018-08-31 10:10:48,997 [main] INFO  o.s.w.s.m.m.a.RequestMappingHandlerMapping 547 - Mapped "{[/bonus-point/asset/platform/recharge/check/{id}],methods=[PUT]}" onto public com.fuzamei.common.model.vo.ResponseVO com.fuzamei.bonuspoint.controller.asset.PlatformCashManageController.checkRechargeCashRecord(java.lang.Long)
2018-08-31 10:10:48,999 [main] INFO  o.s.w.s.m.m.a.RequestMappingHandlerMapping 547 - Mapped "{[/bonus-point/asset/platform/company/list],methods=[POST]}" onto public com.fuzamei.common.model.vo.ResponseVO com.fuzamei.bonuspoint.controller.asset.PlatformCashQueryController.listCompany(com.fuzamei.bonuspoint.entity.dto.asset.PlatformCashRecordDTO)
2018-08-31 10:10:48,999 [main] INFO  o.s.w.s.m.m.a.RequestMappingHandlerMapping 547 - Mapped "{[/bonus-point/asset/platform/withdraw/list],methods=[POST]}" onto public com.fuzamei.common.model.vo.ResponseVO<com.fuzamei.common.bean.PageBean<com.fuzamei.bonuspoint.entity.vo.asset.PlatformCashRecordVO>> com.fuzamei.bonuspoint.controller.asset.PlatformCashQueryController.getWithdrawCashRecord(com.fuzamei.bonuspoint.entity.dto.asset.PlatformCashRecordDTO)
2018-08-31 10:10:49,000 [main] INFO  o.s.w.s.m.m.a.RequestMappingHandlerMapping 547 - Mapped "{[/bonus-point/asset/platform/recharge/list],methods=[POST]}" onto public com.fuzamei.common.model.vo.ResponseVO<com.fuzamei.common.bean.PageBean<com.fuzamei.bonuspoint.entity.vo.asset.PlatformCashRecordVO>> com.fuzamei.bonuspoint.controller.asset.PlatformCashQueryController.getRechargeCashRecord(com.fuzamei.bonuspoint.entity.dto.asset.PlatformCashRecordDTO)
2018-08-31 10:10:49,000 [main] INFO  o.s.w.s.m.m.a.RequestMappingHandlerMapping 547 - Mapped "{[/bonus-point/asset/platform/member-point/list],methods=[POST]}" onto public com.fuzamei.common.model.vo.ResponseVO com.fuzamei.bonuspoint.controller.asset.PlatformCashQueryController.listMemberPointCashRecord(com.fuzamei.bonuspoint.entity.dto.asset.PlatformCashRecordDTO)
2018-08-31 10:10:49,000 [main] INFO  o.s.w.s.m.m.a.RequestMappingHandlerMapping 547 - Mapped "{[/bonus-point/asset/platform/member-point-detail/get],methods=[POST]}" onto public com.fuzamei.common.model.vo.ResponseVO com.fuzamei.bonuspoint.controller.asset.PlatformCashQueryController.getMemberPointCashRecordDetail(com.fuzamei.bonuspoint.entity.dto.asset.PlatformCashRecordDTO)
2018-08-31 10:10:49,000 [main] INFO  o.s.w.s.m.m.a.RequestMappingHandlerMapping 547 - Mapped "{[/bonus-point/asset/platform/member-cash/list],methods=[POST]}" onto public com.fuzamei.common.model.vo.ResponseVO<com.fuzamei.common.bean.PageBean<com.fuzamei.bonuspoint.entity.vo.asset.PlatformCashRecordVO>> com.fuzamei.bonuspoint.controller.asset.PlatformCashQueryController.listMemberCashRecord(com.fuzamei.bonuspoint.entity.dto.asset.PlatformCashRecordDTO)
2018-08-31 10:10:49,001 [main] INFO  o.s.w.s.m.m.a.RequestMappingHandlerMapping 547 - Mapped "{[/bonus-point/asset/platform/platform-cash/get],methods=[GET]}" onto public com.fuzamei.common.model.vo.ResponseVO<com.fuzamei.bonuspoint.entity.vo.asset.PlatformCashRecordVO> com.fuzamei.bonuspoint.controller.asset.PlatformCashQueryController.getPlatformCashRecord(com.fuzamei.bonuspoint.entity.Token)
2018-08-31 10:10:49,001 [main] INFO  o.s.w.s.m.m.a.RequestMappingHandlerMapping 547 - Mapped "{[/bonus-point/asset/platform/recharge/get],methods=[POST]}" onto public com.fuzamei.common.model.vo.ResponseVO com.fuzamei.bonuspoint.controller.asset.PlatformCashQueryController.listRechargeCashRecord(com.fuzamei.bonuspoint.entity.dto.asset.PlatformCashRecordDTO)
2018-08-31 10:10:49,002 [main] INFO  o.s.w.s.m.m.a.RequestMappingHandlerMapping 547 - Mapped "{[/bonus-point/asset/platform/provisions-notice/list],methods=[POST]}" onto public com.fuzamei.common.model.vo.ResponseVO<com.fuzamei.common.bean.PageBean<com.fuzamei.bonuspoint.entity.vo.asset.PlatformCashRecordVO>> com.fuzamei.bonuspoint.controller.asset.PlatformCashQueryController.listProvisionsNotice(com.fuzamei.bonuspoint.entity.dto.asset.PlatformCashRecordDTO)
2018-08-31 10:10:49,002 [main] INFO  o.s.w.s.m.m.a.RequestMappingHandlerMapping 547 - Mapped "{[/bonus-point/asset/platform/company-cash/list],methods=[POST]}" onto public com.fuzamei.common.model.vo.ResponseVO<com.fuzamei.common.bean.PageBean<com.fuzamei.bonuspoint.entity.vo.asset.PlatformCashRecordVO>> com.fuzamei.bonuspoint.controller.asset.PlatformCashQueryController.listCompanyCashRecord(com.fuzamei.bonuspoint.entity.dto.asset.PlatformCashRecordDTO)
2018-08-31 10:10:49,002 [main] INFO  o.s.w.s.m.m.a.RequestMappingHandlerMapping 547 - Mapped "{[/bonus-point/asset/platform/company-rate/list],methods=[POST]}" onto public com.fuzamei.common.model.vo.ResponseVO<com.fuzamei.common.bean.PageBean<com.fuzamei.bonuspoint.entity.vo.asset.PlatformCashRecordVO>> com.fuzamei.bonuspoint.controller.asset.PlatformCashQueryController.listCompanyRateCashRecord(com.fuzamei.bonuspoint.entity.dto.asset.PlatformCashRecordDTO)
2018-08-31 10:10:49,005 [main] INFO  o.s.w.s.m.m.a.RequestMappingHandlerMapping 547 - Mapped "{[/bonus-point/images/upload],methods=[POST]}" onto public com.fuzamei.common.model.vo.ResponseVO com.fuzamei.bonuspoint.controller.common.FileUtilController.uploadImage(com.fuzamei.bonuspoint.entity.Token,org.springframework.web.multipart.MultipartFile[])
2018-08-31 10:10:49,006 [main] INFO  o.s.w.s.m.m.a.RequestMappingHandlerMapping 547 - Mapped "{[/bonus-point/platform/apk/upload],methods=[POST]}" onto public com.fuzamei.common.model.vo.ResponseVO com.fuzamei.bonuspoint.controller.common.FileUtilController.uploadAPK(com.fuzamei.bonuspoint.entity.Token,org.springframework.web.multipart.MultipartFile)
2018-08-31 10:10:49,006 [main] INFO  o.s.w.s.m.m.a.RequestMappingHandlerMapping 547 - Mapped "{[/bonus-point/server/file/url],methods=[GET]}" onto public com.fuzamei.common.model.vo.ResponseVO com.fuzamei.bonuspoint.controller.common.FileUtilController.getFileRequestUrl()
2018-08-31 10:10:49,007 [main] INFO  o.s.w.s.m.m.a.RequestMappingHandlerMapping 547 - Mapped "{[/bonus-point/message/send-email-verification-code],methods=[POST]}" onto public com.fuzamei.common.model.vo.ResponseVO com.fuzamei.bonuspoint.controller.common.SendMessageController.sendEmailMessage(com.fuzamei.bonuspoint.entity.Token,com.fuzamei.bonuspoint.entity.dto.common.Message,org.springframework.validation.BindingResult)
2018-08-31 10:10:49,008 [main] INFO  o.s.w.s.m.m.a.RequestMappingHandlerMapping 547 - Mapped "{[/bonus-point/message/send-SMS-verification-code],methods=[POST]}" onto public com.fuzamei.common.model.vo.ResponseVO com.fuzamei.bonuspoint.controller.common.SendMessageController.sendMobileOrEmailMessage(com.fuzamei.bonuspoint.entity.Token,com.fuzamei.bonuspoint.entity.dto.common.Message,org.springframework.validation.BindingResult)
2018-08-31 10:10:49,008 [main] INFO  o.s.w.s.m.m.a.RequestMappingHandlerMapping 547 - Mapped "{[/bonus-point/message/reset/send-SMS-verification-code],methods=[POST]}" onto public com.fuzamei.common.model.vo.ResponseVO com.fuzamei.bonuspoint.controller.common.SendMessageController.sendMobileCodeForReset(com.fuzamei.bonuspoint.entity.dto.common.Message,org.springframework.validation.BindingResult)
2018-08-31 10:10:49,008 [main] INFO  o.s.w.s.m.m.a.RequestMappingHandlerMapping 547 - Mapped "{[/bonus-point/message/register/send-SMS-verification-code],methods=[POST]}" onto public com.fuzamei.common.model.vo.ResponseVO com.fuzamei.bonuspoint.controller.common.SendMessageController.sendMobileCodeForRegister(com.fuzamei.bonuspoint.entity.dto.common.Message,org.springframework.validation.BindingResult)
2018-08-31 10:10:49,010 [main] INFO  o.s.w.s.m.m.a.RequestMappingHandlerMapping 547 - Mapped "{[/bonus-point/excel/group/selled],methods=[POST]}" onto public com.fuzamei.common.model.vo.ResponseVO com.fuzamei.bonuspoint.controller.data.excel.ExcelQueryController.selledPlatform(java.lang.String)
2018-08-31 10:10:49,010 [main] INFO  o.s.w.s.m.m.a.RequestMappingHandlerMapping 547 - Mapped "{[/bonus-point/excel/group/withdraw-excel],methods=[POST]}" onto public com.fuzamei.common.model.vo.ResponseVO com.fuzamei.bonuspoint.controller.data.excel.ExcelQueryController.withdrawPlatformExcel(com.fuzamei.bonuspoint.entity.Token,java.lang.String,javax.servlet.http.HttpServletResponse)
2018-08-31 10:10:49,011 [main] INFO  o.s.w.s.m.m.a.RequestMappingHandlerMapping 547 - Mapped "{[/bonus-point/excel/group/recharge-excel],methods=[POST]}" onto public com.fuzamei.common.model.vo.ResponseVO com.fuzamei.bonuspoint.controller.data.excel.ExcelQueryController.rechargePlatformExcel(com.fuzamei.bonuspoint.entity.Token,java.lang.String,javax.servlet.http.HttpServletResponse)
2018-08-31 10:10:49,011 [main] INFO  o.s.w.s.m.m.a.RequestMappingHandlerMapping 547 - Mapped "{[/bonus-point/excel/group/selled-excel],methods=[POST]}" onto public com.fuzamei.common.model.vo.ResponseVO com.fuzamei.bonuspoint.controller.data.excel.ExcelQueryController.selledPlatformExcel(com.fuzamei.bonuspoint.entity.Token,java.lang.String,javax.servlet.http.HttpServletResponse)
2018-08-31 10:10:49,011 [main] INFO  o.s.w.s.m.m.a.RequestMappingHandlerMapping 547 - Mapped "{[/bonus-point/excel/group/exchangeGeneralExcel],methods=[POST]}" onto public com.fuzamei.common.model.vo.ResponseVO com.fuzamei.bonuspoint.controller.data.excel.ExcelQueryController.exchangeGeneralPlatformExcel(java.lang.String,javax.servlet.http.HttpServletResponse)
2018-08-31 10:10:49,012 [main] INFO  o.s.w.s.m.m.a.RequestMappingHandlerMapping 547 - Mapped "{[/bonus-point/excel/company/exchangeGeneral],methods=[POST]}" onto public com.fuzamei.common.model.vo.ResponseVO com.fuzamei.bonuspoint.controller.data.excel.ExcelQueryController.exchangeGeneralPlatform(com.fuzamei.bonuspoint.entity.Token,java.lang.String)
2018-08-31 10:10:49,013 [main] INFO  o.s.w.s.m.m.a.RequestMappingHandlerMapping 547 - Mapped "{[/data/new-app-version],methods=[POST]}" onto public com.fuzamei.common.model.vo.ResponseVO com.fuzamei.bonuspoint.controller.data.version.AppVersionControl.addAppVersion(com.fuzamei.bonuspoint.entity.dto.data.version.AppVersioinDTO,org.springframework.validation.BindingResult)
2018-08-31 10:10:49,013 [main] INFO  o.s.w.s.m.m.a.RequestMappingHandlerMapping 547 - Mapped "{[/data/app-version-ios],methods=[GET]}" onto public com.fuzamei.common.model.vo.ResponseVO com.fuzamei.bonuspoint.controller.data.version.AppVersionControl.getNewestAppVersionForIOS()
2018-08-31 10:10:49,013 [main] INFO  o.s.w.s.m.m.a.RequestMappingHandlerMapping 547 - Mapped "{[/data/app-version],methods=[GET]}" onto public com.fuzamei.common.model.vo.ResponseVO com.fuzamei.bonuspoint.controller.data.version.AppVersionControl.getNewestAppVersion()
2018-08-31 10:10:49,015 [main] INFO  o.s.w.s.m.m.a.RequestMappingHandlerMapping 547 - Mapped "{[/bonus-point/good/update],methods=[POST]}" onto public com.fuzamei.common.model.vo.ResponseVO com.fuzamei.bonuspoint.controller.good.GoodManageController.updateGood(com.fuzamei.bonuspoint.entity.Token,com.fuzamei.bonuspoint.entity.dto.good.GoodDTO)
2018-08-31 10:10:49,015 [main] INFO  o.s.w.s.m.m.a.RequestMappingHandlerMapping 547 - Mapped "{[/bonus-point/good/drop/{id}],methods=[GET]}" onto public com.fuzamei.common.model.vo.ResponseVO com.fuzamei.bonuspoint.controller.good.GoodManageController.dropGood(com.fuzamei.bonuspoint.entity.Token,java.lang.Long)
2018-08-31 10:10:49,016 [main] INFO  o.s.w.s.m.m.a.RequestMappingHandlerMapping 547 - Mapped "{[/bonus-point/good/shelf/{id}],methods=[GET]}" onto public com.fuzamei.common.model.vo.ResponseVO com.fuzamei.bonuspoint.controller.good.GoodManageController.shelfGood(com.fuzamei.bonuspoint.entity.Token,java.lang.Long)
2018-08-31 10:10:49,016 [main] INFO  o.s.w.s.m.m.a.RequestMappingHandlerMapping 547 - Mapped "{[/bonus-point/good/delete/{id}],methods=[GET]}" onto public com.fuzamei.common.model.vo.ResponseVO com.fuzamei.bonuspoint.controller.good.GoodManageController.deleteGood(com.fuzamei.bonuspoint.entity.Token,java.lang.Long)
2018-08-31 10:10:49,016 [main] INFO  o.s.w.s.m.m.a.RequestMappingHandlerMapping 547 - Mapped "{[/bonus-point/good/add],methods=[POST]}" onto public com.fuzamei.common.model.vo.ResponseVO com.fuzamei.bonuspoint.controller.good.GoodManageController.saveGood(com.fuzamei.bonuspoint.entity.Token,com.fuzamei.bonuspoint.entity.dto.good.GoodDTO)
2018-08-31 10:10:49,020 [main] INFO  o.s.w.s.m.m.a.RequestMappingHandlerMapping 547 - Mapped "{[/bonus-point/good/order/pay/{id}],methods=[POST]}" onto public com.fuzamei.common.model.vo.ResponseVO com.fuzamei.bonuspoint.controller.good.GoodOrderManageController.payOrder(java.lang.Long,com.fuzamei.bonuspoint.entity.Token,com.fuzamei.bonuspoint.entity.dto.good.GoodPayDTO)
2018-08-31 10:10:49,021 [main] INFO  o.s.w.s.m.m.a.RequestMappingHandlerMapping 547 - Mapped "{[/bonus-point/good/order/send],methods=[GET]}" onto public com.fuzamei.common.model.vo.ResponseVO com.fuzamei.bonuspoint.controller.good.GoodOrderManageController.sendGood(java.lang.Long,com.fuzamei.bonuspoint.entity.Token,java.lang.String)
2018-08-31 10:10:49,021 [main] INFO  o.s.w.s.m.m.a.RequestMappingHandlerMapping 547 - Mapped "{[/bonus-point/good/order/confirm],methods=[GET]}" onto public com.fuzamei.common.model.vo.ResponseVO com.fuzamei.bonuspoint.controller.good.GoodOrderManageController.confirmGood(java.lang.Long,com.fuzamei.bonuspoint.entity.Token)
2018-08-31 10:10:49,021 [main] INFO  o.s.w.s.m.m.a.RequestMappingHandlerMapping 547 - Mapped "{[/bonus-point/good/order],methods=[POST]}" onto public com.fuzamei.common.model.vo.ResponseVO com.fuzamei.bonuspoint.controller.good.GoodOrderManageController.orderGood(com.fuzamei.bonuspoint.entity.Token,com.fuzamei.bonuspoint.entity.dto.good.GoodOrderDTO)
2018-08-31 10:10:49,021 [main] INFO  o.s.w.s.m.m.a.RequestMappingHandlerMapping 547 - Mapped "{[/bonus-point/good/order/cancel],methods=[GET]}" onto public com.fuzamei.common.model.vo.ResponseVO com.fuzamei.bonuspoint.controller.good.GoodOrderManageController.cancelOrder(com.fuzamei.bonuspoint.entity.Token,java.lang.Long)
2018-08-31 10:10:49,021 [main] INFO  o.s.w.s.m.m.a.RequestMappingHandlerMapping 547 - Mapped "{[/bonus-point/good/order/applyback],methods=[GET]}" onto com.fuzamei.common.model.vo.ResponseVO com.fuzamei.bonuspoint.controller.good.GoodOrderManageController.applyBackGood(java.lang.Long,com.fuzamei.bonuspoint.entity.Token,java.lang.String)
2018-08-31 10:10:49,021 [main] INFO  o.s.w.s.m.m.a.RequestMappingHandlerMapping 547 - Mapped "{[/bonus-point/good/order/confirmback],methods=[GET]}" onto public com.fuzamei.common.model.vo.ResponseVO com.fuzamei.bonuspoint.controller.good.GoodOrderManageController.confirmBackGood(java.lang.Long,com.fuzamei.bonuspoint.entity.Token)
2018-08-31 10:10:49,021 [main] INFO  o.s.w.s.m.m.a.RequestMappingHandlerMapping 547 - Mapped "{[/bonus-point/good/order/back],methods=[GET]}" onto public com.fuzamei.common.model.vo.ResponseVO com.fuzamei.bonuspoint.controller.good.GoodOrderManageController.backGood(java.lang.Long,com.fuzamei.bonuspoint.entity.Token,java.lang.String)
2018-08-31 10:10:49,021 [main] INFO  o.s.w.s.m.m.a.RequestMappingHandlerMapping 547 - Mapped "{[/bonus-point/good/order/backsuccess],methods=[GET]}" onto public com.fuzamei.common.model.vo.ResponseVO com.fuzamei.bonuspoint.controller.good.GoodOrderManageController.backGoodSuccess(java.lang.Long,com.fuzamei.bonuspoint.entity.Token)
2018-08-31 10:10:49,021 [main] INFO  o.s.w.s.m.m.a.RequestMappingHandlerMapping 547 - Mapped "{[/bonus-point/good/queryGoodOrder],methods=[POST]}" onto public com.fuzamei.common.model.vo.ResponseVO com.fuzamei.bonuspoint.controller.good.GoodOrderQueryController.queryGoodOrder(com.fuzamei.bonuspoint.entity.dto.good.QueryOrderDTO,com.fuzamei.bonuspoint.entity.Token)
2018-08-31 10:10:49,037 [main] INFO  o.s.w.s.m.m.a.RequestMappingHandlerMapping 547 - Mapped "{[/bonus-point/good/getGoodOrder/{id}],methods=[GET]}" onto public com.fuzamei.common.model.vo.ResponseVO com.fuzamei.bonuspoint.controller.good.GoodOrderQueryController.getGoodOrder(com.fuzamei.bonuspoint.entity.Token,java.lang.Long)
2018-08-31 10:10:49,037 [main] INFO  o.s.w.s.m.m.a.RequestMappingHandlerMapping 547 - Mapped "{[/bonus-point/good/company/query],methods=[POST]}" onto public com.fuzamei.common.model.vo.ResponseVO com.fuzamei.bonuspoint.controller.good.GoodQueryController.companyQueryGood(com.fuzamei.bonuspoint.entity.Token,com.fuzamei.bonuspoint.entity.dto.good.QueryGoodDTO)
2018-08-31 10:10:49,037 [main] INFO  o.s.w.s.m.m.a.RequestMappingHandlerMapping 547 - Mapped "{[/bonus-point/good/get/{id}],methods=[GET]}" onto public com.fuzamei.common.model.vo.ResponseVO com.fuzamei.bonuspoint.controller.good.GoodQueryController.getGood(java.lang.Long)
2018-08-31 10:10:49,037 [main] INFO  o.s.w.s.m.m.a.RequestMappingHandlerMapping 547 - Mapped "{[/bonus-point/good/query],methods=[POST]}" onto public com.fuzamei.common.model.vo.ResponseVO com.fuzamei.bonuspoint.controller.good.GoodQueryController.queryGood(com.fuzamei.bonuspoint.entity.dto.good.QueryGoodDTO)
2018-08-31 10:10:49,037 [main] INFO  o.s.w.s.m.m.a.RequestMappingHandlerMapping 547 - Mapped "{[/bonus-point/good/typeshow],methods=[GET]}" onto public com.fuzamei.common.model.vo.ResponseVO com.fuzamei.bonuspoint.controller.good.GoodQueryController.appTypeShow()
2018-08-31 10:10:49,037 [main] INFO  o.s.w.s.m.m.a.RequestMappingHandlerMapping 547 - Mapped "{[/bonus-point/good/companyshow],methods=[GET]}" onto public com.fuzamei.common.model.vo.ResponseVO com.fuzamei.bonuspoint.controller.good.GoodQueryController.previewCompany()
2018-08-31 10:10:49,037 [main] INFO  o.s.w.s.m.m.a.RequestMappingHandlerMapping 547 - Mapped "{[/bonus-point/good/appshow],methods=[GET]}" onto public com.fuzamei.common.model.vo.ResponseVO com.fuzamei.bonuspoint.controller.good.GoodQueryController.appshow(java.lang.Integer)
2018-08-31 10:10:49,037 [main] INFO  o.s.w.s.m.m.a.RequestMappingHandlerMapping 547 - Mapped "{[/bonus-point/good/status/list],methods=[GET]}" onto public com.fuzamei.common.model.vo.ResponseVO com.fuzamei.bonuspoint.controller.good.GoodQueryController.listGoodStatus()
2018-08-31 10:10:49,037 [main] INFO  o.s.w.s.m.m.a.RequestMappingHandlerMapping 547 - Mapped "{[/bonus-point/good/exchanges],methods=[POST]}" onto public com.fuzamei.common.model.vo.ResponseVO com.fuzamei.bonuspoint.controller.good.GoodQueryController.queryGoodExchanges(com.fuzamei.bonuspoint.entity.Token,com.fuzamei.bonuspoint.entity.dto.good.GoodExchangeDTO)
2018-08-31 10:10:49,037 [main] INFO  o.s.w.s.m.m.a.RequestMappingHandlerMapping 547 - Mapped "{[/bonus-point/goodtype/types/{id}],methods=[PUT]}" onto public com.fuzamei.common.model.vo.ResponseVO com.fuzamei.bonuspoint.controller.good.GoodTypeManageController.updateGoodType(java.lang.Long,com.fuzamei.bonuspoint.entity.dto.good.GoodTypeDTO)
2018-08-31 10:10:49,037 [main] INFO  o.s.w.s.m.m.a.RequestMappingHandlerMapping 547 - Mapped "{[/bonus-point/goodtype/types],methods=[POST]}" onto public com.fuzamei.common.model.vo.ResponseVO com.fuzamei.bonuspoint.controller.good.GoodTypeManageController.saveGoodType(com.fuzamei.bonuspoint.entity.Token,com.fuzamei.bonuspoint.entity.dto.good.GoodTypeDTO)
2018-08-31 10:10:49,052 [main] INFO  o.s.w.s.m.m.a.RequestMappingHandlerMapping 547 - Mapped "{[/bonus-point/goodtype/subtypes/{id}],methods=[PUT]}" onto public com.fuzamei.common.model.vo.ResponseVO com.fuzamei.bonuspoint.controller.good.GoodTypeManageController.updateSubType(java.lang.Long,com.fuzamei.bonuspoint.entity.dto.good.GoodSubTypeDTO)
2018-08-31 10:10:49,052 [main] INFO  o.s.w.s.m.m.a.RequestMappingHandlerMapping 547 - Mapped "{[/bonus-point/goodtype/subtypes],methods=[POST]}" onto public com.fuzamei.common.model.vo.ResponseVO com.fuzamei.bonuspoint.controller.good.GoodTypeManageController.saveSubType(com.fuzamei.bonuspoint.entity.dto.good.GoodSubTypeDTO)
2018-08-31 10:10:49,052 [main] INFO  o.s.w.s.m.m.a.RequestMappingHandlerMapping 547 - Mapped "{[/bonus-point/goodtype/subtypes/{id}],methods=[GET]}" onto public com.fuzamei.common.model.vo.ResponseVO com.fuzamei.bonuspoint.controller.good.GoodTypeQueryController.getSubtype(java.lang.Long)
2018-08-31 10:10:49,052 [main] INFO  o.s.w.s.m.m.a.RequestMappingHandlerMapping 547 - Mapped "{[/bonus-point/goodtype/types],methods=[GET]}" onto public com.fuzamei.common.model.vo.ResponseVO com.fuzamei.bonuspoint.controller.good.GoodTypeQueryController.listTypes()
2018-08-31 10:10:49,052 [main] INFO  o.s.w.s.m.m.a.RequestMappingHandlerMapping 547 - Mapped "{[/bonus-point/goodtype/alltypes/list],methods=[GET]}" onto public com.fuzamei.common.model.vo.ResponseVO com.fuzamei.bonuspoint.controller.good.GoodTypeQueryController.listAllTypes()
2018-08-31 10:10:49,052 [main] INFO  o.s.w.s.m.m.a.RequestMappingHandlerMapping 547 - Mapped "{[/bonus-point/goodtype/types/{id}],methods=[GET]}" onto public com.fuzamei.common.model.vo.ResponseVO com.fuzamei.bonuspoint.controller.good.GoodTypeQueryController.getGoodType(java.lang.Long)
2018-08-31 10:10:49,052 [main] INFO  o.s.w.s.m.m.a.RequestMappingHandlerMapping 547 - Mapped "{[/bonus-point/goodtype/types/{pid}/subtypes],methods=[GET]}" onto public com.fuzamei.common.model.vo.ResponseVO com.fuzamei.bonuspoint.controller.good.GoodTypeQueryController.listSubType(java.lang.Long)
2018-08-31 10:10:49,052 [main] INFO  o.s.w.s.m.m.a.RequestMappingHandlerMapping 547 - Mapped "{[/bonus-point/location/list-all-city],methods=[GET]}" onto public com.fuzamei.common.model.vo.ResponseVO com.fuzamei.bonuspoint.controller.location.LocationQueryController.getAllCityList()
2018-08-31 10:10:49,052 [main] INFO  o.s.w.s.m.m.a.RequestMappingHandlerMapping 547 - Mapped "{[/bonus-point/location/list-city/{provinceCode}],methods=[GET]}" onto public com.fuzamei.common.model.vo.ResponseVO com.fuzamei.bonuspoint.controller.location.LocationQueryController.getCityList(java.lang.Long)
2018-08-31 10:10:49,052 [main] INFO  o.s.w.s.m.m.a.RequestMappingHandlerMapping 547 - Mapped "{[/bonus-point/location/list-province],methods=[GET]}" onto public com.fuzamei.common.model.vo.ResponseVO com.fuzamei.bonuspoint.controller.location.LocationQueryController.getProvinceList()
2018-08-31 10:10:49,052 [main] INFO  o.s.w.s.m.m.a.RequestMappingHandlerMapping 547 - Mapped "{[/bonus-point/location/list-street/{districtCode}],methods=[GET]}" onto public com.fuzamei.common.model.vo.ResponseVO com.fuzamei.bonuspoint.controller.location.LocationQueryController.getStreetList(java.lang.Long)
2018-08-31 10:10:49,068 [main] INFO  o.s.w.s.m.m.a.RequestMappingHandlerMapping 547 - Mapped "{[/bonus-point/location/list-district/{cityCode}],methods=[GET]}" onto public com.fuzamei.common.model.vo.ResponseVO com.fuzamei.bonuspoint.controller.location.LocationQueryController.getDistrictList(java.lang.Long)
2018-08-31 10:10:49,068 [main] INFO  o.s.w.s.m.m.a.RequestMappingHandlerMapping 547 - Mapped "{[/bonus-point/location/list-all-district],methods=[GET]}" onto public com.fuzamei.common.model.vo.ResponseVO com.fuzamei.bonuspoint.controller.location.LocationQueryController.getAllDistrictList()
2018-08-31 10:10:49,068 [main] INFO  o.s.w.s.m.m.a.RequestMappingHandlerMapping 547 - Mapped "{[/token-error]}" onto public com.fuzamei.common.model.vo.ResponseVO com.fuzamei.bonuspoint.controller.MyErrorController.tokenError(com.fuzamei.common.model.vo.ResponseVO)
2018-08-31 10:10:49,068 [main] INFO  o.s.w.s.m.m.a.RequestMappingHandlerMapping 547 - Mapped "{[/bonus-point/point/company/apply],methods=[POST]}" onto public com.fuzamei.common.model.vo.ResponseVO com.fuzamei.bonuspoint.controller.point.CompanyPointManageController.releasePoint(com.fuzamei.bonuspoint.entity.Token,com.fuzamei.bonuspoint.entity.dto.point.ApplyPointDTO)
2018-08-31 10:10:49,068 [main] INFO  o.s.w.s.m.m.a.RequestMappingHandlerMapping 547 - Mapped "{[/bonus-point/point/company/send],methods=[POST]}" onto public com.fuzamei.common.model.vo.ResponseVO com.fuzamei.bonuspoint.controller.point.CompanyPointManageController.sendPointToUser(com.fuzamei.bonuspoint.entity.Token,com.fuzamei.bonuspoint.entity.dto.point.CompanyPointDTO)
2018-08-31 10:10:49,068 [main] INFO  o.s.w.s.m.m.a.RequestMappingHandlerMapping 547 - Mapped "{[/bonus-point/point/company/balance],methods=[POST]}" onto public com.fuzamei.common.model.vo.ResponseVO com.fuzamei.bonuspoint.controller.point.CompanyPointManageController.balanceCommonPoint(com.fuzamei.bonuspoint.entity.Token,com.fuzamei.bonuspoint.entity.dto.point.CompanyPointDTO)
2018-08-31 10:10:49,068 [main] INFO  o.s.w.s.m.m.a.RequestMappingHandlerMapping 547 - Mapped "{[/bonus-point/point/company/grant-list],methods=[POST]}" onto public com.fuzamei.common.model.vo.ResponseVO com.fuzamei.bonuspoint.controller.point.CompanyPointQueryController.grantPointList(com.fuzamei.bonuspoint.entity.Token,com.fuzamei.bonuspoint.entity.vo.point.QueryPointRecordVO)
2018-08-31 10:10:49,068 [main] INFO  o.s.w.s.m.m.a.RequestMappingHandlerMapping 547 - Mapped "{[/bonus-point/point/company/activities],methods=[GET]}" onto public com.fuzamei.common.model.vo.ResponseVO com.fuzamei.bonuspoint.controller.point.CompanyPointQueryController.listActivity(com.fuzamei.bonuspoint.entity.Token,java.lang.Integer)
2018-08-31 10:10:49,068 [main] INFO  o.s.w.s.m.m.a.RequestMappingHandlerMapping 547 - Mapped "{[/bonus-point/point/company/balance-info/get],methods=[GET]}" onto public com.fuzamei.common.model.vo.ResponseVO<com.fuzamei.bonuspoint.entity.vo.point.CompanyPointVO> com.fuzamei.bonuspoint.controller.point.CompanyPointQueryController.getBalanceInfoRecord(com.fuzamei.bonuspoint.entity.Token)
2018-08-31 10:10:49,068 [main] INFO  o.s.w.s.m.m.a.RequestMappingHandlerMapping 547 - Mapped "{[/bonus-point/point/company/point-exchange/list],methods=[POST]}" onto public com.fuzamei.common.model.vo.ResponseVO<com.fuzamei.common.bean.PageBean<com.fuzamei.bonuspoint.entity.po.point.GeneralPointRecordPO>> com.fuzamei.bonuspoint.controller.point.CompanyPointQueryController.listPointExchangeRecord(com.fuzamei.bonuspoint.entity.Token,com.fuzamei.bonuspoint.entity.dto.point.CompanyPointDTO)
2018-08-31 10:10:49,084 [main] INFO  o.s.w.s.m.m.a.RequestMappingHandlerMapping 547 - Mapped "{[/bonus-point/point/company/exchange-info],methods=[POST]}" onto public com.fuzamei.common.model.vo.ResponseVO com.fuzamei.bonuspoint.controller.point.CompanyPointQueryController.memberExchangeInfo(com.fuzamei.bonuspoint.entity.Token,java.lang.String)
2018-08-31 10:10:49,084 [main] INFO  o.s.w.s.m.m.a.RequestMappingHandlerMapping 547 - Mapped "{[/bonus-point/point/company/asset],methods=[GET]}" onto public com.fuzamei.common.model.vo.ResponseVO com.fuzamei.bonuspoint.controller.point.CompanyPointQueryController.queryCompanyPointAsset(com.fuzamei.bonuspoint.entity.Token)
2018-08-31 10:10:49,084 [main] INFO  o.s.w.s.m.m.a.RequestMappingHandlerMapping 547 - Mapped "{[/bonus-point/point/company/point-issue-list],methods=[POST]}" onto public com.fuzamei.common.model.vo.ResponseVO<com.fuzamei.common.bean.PageBean<com.fuzamei.bonuspoint.entity.dto.point.PointInfoDTO>> com.fuzamei.bonuspoint.controller.point.CompanyPointQueryController.getIssuePointList(com.fuzamei.bonuspoint.entity.Token,com.fuzamei.bonuspoint.entity.dto.point.QueryPointDTO)
2018-08-31 10:10:49,084 [main] INFO  o.s.w.s.m.m.a.RequestMappingHandlerMapping 547 - Mapped "{[/bonus-point/point/member/transfer],methods=[POST]}" onto public com.fuzamei.common.model.vo.ResponseVO com.fuzamei.bonuspoint.controller.point.MemberPointManageController.memberTranPoint(com.fuzamei.bonuspoint.entity.Token,com.fuzamei.bonuspoint.entity.dto.point.ExchangePointDTO,org.springframework.validation.BindingResult)
2018-08-31 10:10:49,084 [main] INFO  o.s.w.s.m.m.a.RequestMappingHandlerMapping 547 - Mapped "{[/bonus-point/point/member/exchange],methods=[POST]}" onto public com.fuzamei.common.model.vo.ResponseVO com.fuzamei.bonuspoint.controller.point.MemberPointManageController.memberExchange(com.fuzamei.bonuspoint.entity.Token,com.fuzamei.bonuspoint.entity.dto.point.ExchangePointDTO,org.springframework.validation.BindingResult)
2018-08-31 10:10:49,084 [main] INFO  o.s.w.s.m.m.a.RequestMappingHandlerMapping 547 - Mapped "{[/bonus-point/point/member/exchangeBigPoint],methods=[POST]}" onto public com.fuzamei.common.model.vo.ResponseVO com.fuzamei.bonuspoint.controller.point.MemberPointManageController.exchangeBigPoint(com.fuzamei.bonuspoint.entity.Token,java.lang.String)
2018-08-31 10:10:49,084 [main] INFO  o.s.w.s.m.m.a.RequestMappingHandlerMapping 547 - Mapped "{[/bonus-point/point/member/point-list-info],methods=[POST]}" onto public com.fuzamei.common.model.vo.ResponseVO com.fuzamei.bonuspoint.controller.point.MemberPointQueryController.pointListInfo(com.fuzamei.bonuspoint.entity.Token,com.fuzamei.bonuspoint.entity.dto.point.ExchangePointDTO,org.springframework.validation.BindingResult)
2018-08-31 10:10:49,084 [main] INFO  o.s.w.s.m.m.a.RequestMappingHandlerMapping 547 - Mapped "{[/bonus-point/point/member/point-list-detail],methods=[POST]}" onto public com.fuzamei.common.model.vo.ResponseVO<com.fuzamei.common.bean.PageBean<com.fuzamei.bonuspoint.entity.dto.point.PointRecordDTO>> com.fuzamei.bonuspoint.controller.point.MemberPointQueryController.memberPointListDetail(com.fuzamei.bonuspoint.entity.Token,com.fuzamei.bonuspoint.entity.dto.point.QueryPointDTO)
2018-08-31 10:10:49,084 [main] INFO  o.s.w.s.m.m.a.RequestMappingHandlerMapping 547 - Mapped "{[/bonus-point/point/member/exchangeGeneralBigPlatform],methods=[POST]}" onto public com.fuzamei.common.model.vo.ResponseVO com.fuzamei.bonuspoint.controller.point.MemberPointQueryController.exchangeGeneralBigPlatform(com.fuzamei.bonuspoint.entity.Token,java.lang.String)
2018-08-31 10:10:49,099 [main] INFO  o.s.w.s.m.m.a.RequestMappingHandlerMapping 547 - Mapped "{[/bonus-point/point/member/tranpoint-list],methods=[POST]}" onto public com.fuzamei.common.model.vo.ResponseVO com.fuzamei.bonuspoint.controller.point.MemberPointQueryController.memberTranPointList(com.fuzamei.bonuspoint.entity.Token,com.fuzamei.bonuspoint.entity.dto.point.ExchangePointDTO,org.springframework.validation.BindingResult)
2018-08-31 10:10:49,099 [main] INFO  o.s.w.s.m.m.a.RequestMappingHandlerMapping 547 - Mapped "{[/bonus-point/point/member/point-list-relation],methods=[GET]}" onto public com.fuzamei.common.model.vo.ResponseVO<java.util.List<com.fuzamei.bonuspoint.entity.dto.point.PointRelationDTO>> com.fuzamei.bonuspoint.controller.point.MemberPointQueryController.memberPointListRelation(com.fuzamei.bonuspoint.entity.Token)
2018-08-31 10:10:49,099 [main] INFO  o.s.w.s.m.m.a.RequestMappingHandlerMapping 547 - Mapped "{[/bonus-point/point/platform/applyrecord/{id}/refuse],methods=[GET]}" onto public com.fuzamei.common.model.vo.ResponseVO com.fuzamei.bonuspoint.controller.point.PlatformPointManageController.refusePoint(com.fuzamei.bonuspoint.entity.Token,java.lang.Long,java.lang.String)
2018-08-31 10:10:49,099 [main] INFO  o.s.w.s.m.m.a.RequestMappingHandlerMapping 547 - Mapped "{[/bonus-point/point/platform/applyrecord/{id}/review],methods=[GET]}" onto public com.fuzamei.common.model.vo.ResponseVO com.fuzamei.bonuspoint.controller.point.PlatformPointManageController.reviewPoint(com.fuzamei.bonuspoint.entity.Token,java.lang.Long)
2018-08-31 10:10:49,099 [main] INFO  o.s.w.s.m.m.a.RequestMappingHandlerMapping 547 - Mapped "{[/bonus-point/point/platform/sendPoint],methods=[POST]}" onto public com.fuzamei.common.model.vo.ResponseVO com.fuzamei.bonuspoint.controller.point.PlatformPointManageController.sendGeneralPointToMember(com.fuzamei.bonuspoint.entity.Token,com.fuzamei.bonuspoint.entity.vo.point.SendPointVO)
2018-08-31 10:10:49,099 [main] INFO  o.s.w.s.m.m.a.RequestMappingHandlerMapping 547 - Mapped "{[/bonus-point/point/platform/userPointInfo],methods=[POST]}" onto public com.fuzamei.common.model.vo.ResponseVO com.fuzamei.bonuspoint.controller.point.PlatformPointQueryController.userPointInfo(com.fuzamei.bonuspoint.entity.Token,java.lang.String)
2018-08-31 10:10:49,099 [main] INFO  o.s.w.s.m.m.a.RequestMappingHandlerMapping 547 - Mapped "{[/bonus-point/point/platform/exchangeGeneralPlatform],methods=[POST]}" onto public com.fuzamei.common.model.vo.ResponseVO com.fuzamei.bonuspoint.controller.point.PlatformPointQueryController.exchangeGeneralPlatform(com.fuzamei.bonuspoint.entity.Token,java.lang.String)
2018-08-31 10:10:49,099 [main] INFO  o.s.w.s.m.m.a.RequestMappingHandlerMapping 547 - Mapped "{[/bonus-point/point/platform/point-grant-list],methods=[POST]}" onto public com.fuzamei.common.model.vo.ResponseVO com.fuzamei.bonuspoint.controller.point.PlatformPointQueryController.getGrantPointList(com.fuzamei.bonuspoint.entity.Token,com.fuzamei.bonuspoint.entity.dto.point.QueryPointDTO)
2018-08-31 10:10:49,099 [main] INFO  o.s.w.s.m.m.a.RequestMappingHandlerMapping 547 - Mapped "{[/bonus-point/point/platform/point-issue-list],methods=[POST]}" onto public com.fuzamei.common.model.vo.ResponseVO<com.fuzamei.common.bean.PageBean<com.fuzamei.bonuspoint.entity.dto.point.PointInfoDTO>> com.fuzamei.bonuspoint.controller.point.PlatformPointQueryController.getIssuePointList(com.fuzamei.bonuspoint.entity.Token,com.fuzamei.bonuspoint.entity.dto.point.QueryPointDTO)
2018-08-31 10:10:49,115 [main] INFO  o.s.w.s.m.m.a.RequestMappingHandlerMapping 547 - Mapped "{[/bonus-point/safe/email-set],methods=[POST || PUT]}" onto public com.fuzamei.common.model.vo.ResponseVO com.fuzamei.bonuspoint.controller.safe.SafeManagerController.setEmail(com.fuzamei.bonuspoint.entity.form.account.SecrecyFORM,com.fuzamei.bonuspoint.entity.Token,org.springframework.validation.BindingResult)
2018-08-31 10:10:49,115 [main] INFO  o.s.w.s.m.m.a.RequestMappingHandlerMapping 547 - Mapped "{[/bonus-point/safe/mobile-set],methods=[POST || PUT]}" onto public com.fuzamei.common.model.vo.ResponseVO com.fuzamei.bonuspoint.controller.safe.SafeManagerController.setMobile(com.fuzamei.bonuspoint.entity.form.account.SecrecyFORM,com.fuzamei.bonuspoint.entity.Token,org.springframework.validation.BindingResult)
2018-08-31 10:10:49,115 [main] INFO  o.s.w.s.m.m.a.RequestMappingHandlerMapping 547 - Mapped "{[/bonus-point/safe/password-edit],methods=[POST || PUT]}" onto public com.fuzamei.common.model.vo.ResponseVO com.fuzamei.bonuspoint.controller.safe.SafeManagerController.updatePassword(com.fuzamei.bonuspoint.entity.form.account.SecrecyFORM,com.fuzamei.bonuspoint.entity.Token)
2018-08-31 10:10:49,115 [main] INFO  o.s.w.s.m.m.a.RequestMappingHandlerMapping 547 - Mapped "{[/bonus-point/safe/payword-set],methods=[POST || PUT]}" onto public com.fuzamei.common.model.vo.ResponseVO com.fuzamei.bonuspoint.controller.safe.SafeManagerController.updatePayword(com.fuzamei.bonuspoint.entity.form.account.SecrecyFORM,com.fuzamei.bonuspoint.entity.Token,org.springframework.validation.BindingResult)
2018-08-31 10:10:49,115 [main] INFO  o.s.w.s.m.m.a.RequestMappingHandlerMapping 547 - Mapped "{[/bonus-point/safe/password-reset],methods=[POST || PUT]}" onto public com.fuzamei.common.model.vo.ResponseVO com.fuzamei.bonuspoint.controller.safe.SafeManagerController.resetPassword(com.fuzamei.bonuspoint.entity.form.account.SecrecyFORM,org.springframework.validation.BindingResult)
2018-08-31 10:10:49,115 [main] INFO  o.s.w.s.m.m.a.RequestMappingHandlerMapping 547 - Mapped "{[/bonus-point/safe/email-edit/verification-original-email],methods=[POST || PUT]}" onto public com.fuzamei.common.model.vo.ResponseVO com.fuzamei.bonuspoint.controller.safe.SafeManagerController.updateEmailStepOne(com.fuzamei.bonuspoint.entity.form.account.SecrecyFORM,com.fuzamei.bonuspoint.entity.Token,org.springframework.validation.BindingResult)
2018-08-31 10:10:49,115 [main] INFO  o.s.w.s.m.m.a.RequestMappingHandlerMapping 547 - Mapped "{[/bonus-point/safe/email-edit/update-email],methods=[POST || PUT]}" onto public com.fuzamei.common.model.vo.ResponseVO com.fuzamei.bonuspoint.controller.safe.SafeManagerController.updateEmailStepTwo(com.fuzamei.bonuspoint.entity.form.account.SecrecyFORM,com.fuzamei.bonuspoint.entity.Token,org.springframework.validation.BindingResult)
2018-08-31 10:10:49,115 [main] INFO  o.s.w.s.m.m.a.RequestMappingHandlerMapping 547 - Mapped "{[/bonus-point/safe/mobile-edit/update-mobile-number],methods=[POST || PUT]}" onto public com.fuzamei.common.model.vo.ResponseVO com.fuzamei.bonuspoint.controller.safe.SafeManagerController.updateMobileStepTwo(com.fuzamei.bonuspoint.entity.form.account.SecrecyFORM,com.fuzamei.bonuspoint.entity.Token,org.springframework.validation.BindingResult)
2018-08-31 10:10:49,115 [main] INFO  o.s.w.s.m.m.a.RequestMappingHandlerMapping 547 - Mapped "{[/bonus-point/safe/mobile-edit/verification-original-mobile-number],methods=[POST || PUT]}" onto public com.fuzamei.common.model.vo.ResponseVO com.fuzamei.bonuspoint.controller.safe.SafeManagerController.updateMobileStepOne(com.fuzamei.bonuspoint.entity.form.account.SecrecyFORM,com.fuzamei.bonuspoint.entity.Token,org.springframework.validation.BindingResult)
2018-08-31 10:10:49,130 [main] INFO  o.s.w.s.m.m.a.RequestMappingHandlerMapping 547 - Mapped "{[/bonus-point/safe/index],methods=[GET]}" onto public com.fuzamei.common.model.vo.ResponseVO<com.fuzamei.bonuspoint.entity.dto.user.UserDTO> com.fuzamei.bonuspoint.controller.safe.SafeQueryController.getSafeStatusInfo(com.fuzamei.bonuspoint.entity.Token)
2018-08-31 10:10:49,130 [main] INFO  o.s.w.s.m.m.a.RequestMappingHandlerMapping 547 - Mapped "{[/bonus-point/company/get/{uid}],methods=[GET]}" onto public com.fuzamei.common.model.vo.ResponseVO com.fuzamei.bonuspoint.controller.user.company.CompanyManageController.getCompanyInfo(java.lang.Long)
2018-08-31 10:10:49,130 [main] INFO  o.s.w.s.m.m.a.RequestMappingHandlerMapping 547 - Mapped "{[/bonus-point/company/update-company-base-info],methods=[PUT]}" onto public com.fuzamei.common.model.vo.ResponseVO com.fuzamei.bonuspoint.controller.user.company.CompanyManageController.updateCompanyBaseInfo(com.fuzamei.bonuspoint.entity.Token,com.fuzamei.bonuspoint.entity.form.user.CompanyBaseInfoFORM,org.springframework.validation.BindingResult)
2018-08-31 10:10:49,130 [main] INFO  o.s.w.s.m.m.a.RequestMappingHandlerMapping 547 - Mapped "{[/bonus-point/company/info-block],methods=[POST]}" onto public com.fuzamei.common.model.vo.ResponseVO com.fuzamei.bonuspoint.controller.user.company.CompanyQueryController.getMemberBlockInfo(com.fuzamei.bonuspoint.entity.Token,com.fuzamei.bonuspoint.entity.dto.user.UserDTO)
2018-08-31 10:10:49,130 [main] INFO  o.s.w.s.m.m.a.RequestMappingHandlerMapping 547 - Mapped "{[/bonus-point/company/member-activity],methods=[GET]}" onto public com.fuzamei.common.model.vo.ResponseVO com.fuzamei.bonuspoint.controller.user.company.CompanyQueryController.getMemberActivity(com.fuzamei.bonuspoint.entity.Token)
2018-08-31 10:10:49,130 [main] INFO  o.s.w.s.m.m.a.RequestMappingHandlerMapping 547 - Mapped "{[/bonus-point/company/list-member-point-info],methods=[POST]}" onto public com.fuzamei.common.model.vo.ResponseVO com.fuzamei.bonuspoint.controller.user.company.CompanyQueryController.getMemberPointInfoList(com.fuzamei.bonuspoint.entity.Token,com.fuzamei.bonuspoint.entity.vo.user.QueryUserVO)
2018-08-31 10:10:49,130 [main] INFO  o.s.w.s.m.m.a.RequestMappingHandlerMapping 547 - Mapped "{[/bonus-point/company/company-base-info],methods=[GET]}" onto public com.fuzamei.common.model.vo.ResponseVO<com.fuzamei.bonuspoint.entity.vo.user.CompanyBaseInfoVO> com.fuzamei.bonuspoint.controller.user.company.CompanyQueryController.getCompanyBaseInfo(com.fuzamei.bonuspoint.entity.Token)
2018-08-31 10:10:49,130 [main] INFO  o.s.w.s.m.m.a.RequestMappingHandlerMapping 547 - Mapped "{[/bonus-point/member/address/delete/{id}],methods=[GET || DELETE]}" onto public com.fuzamei.common.model.vo.ResponseVO com.fuzamei.bonuspoint.controller.user.member.MemberAddressManageController.deleteUserAddress(com.fuzamei.bonuspoint.entity.Token,java.lang.Long)
2018-08-31 10:10:49,130 [main] INFO  o.s.w.s.m.m.a.RequestMappingHandlerMapping 547 - Mapped "{[/bonus-point/member/address/set-default-address/{addressId}],methods=[GET]}" onto public com.fuzamei.common.model.vo.ResponseVO com.fuzamei.bonuspoint.controller.user.member.MemberAddressManageController.updateDefaultAddress(com.fuzamei.bonuspoint.entity.Token,java.lang.Long)
2018-08-31 10:10:49,130 [main] INFO  o.s.w.s.m.m.a.RequestMappingHandlerMapping 547 - Mapped "{[/bonus-point/member/address/update],methods=[PUT]}" onto public com.fuzamei.common.model.vo.ResponseVO com.fuzamei.bonuspoint.controller.user.member.MemberAddressManageController.updateUserAddress(com.fuzamei.bonuspoint.entity.Token,com.fuzamei.bonuspoint.entity.dto.user.UserAddressDTO,org.springframework.validation.BindingResult)
2018-08-31 10:10:49,146 [main] INFO  o.s.w.s.m.m.a.RequestMappingHandlerMapping 547 - Mapped "{[/bonus-point/member/address/create],methods=[POST]}" onto public com.fuzamei.common.model.vo.ResponseVO com.fuzamei.bonuspoint.controller.user.member.MemberAddressManageController.createUserAddress(com.fuzamei.bonuspoint.entity.Token,com.fuzamei.bonuspoint.entity.dto.user.UserAddressDTO,org.springframework.validation.BindingResult)
2018-08-31 10:10:49,146 [main] INFO  o.s.w.s.m.m.a.RequestMappingHandlerMapping 547 - Mapped "{[/bonus-point/member/address/get-default-address],methods=[GET]}" onto public com.fuzamei.common.model.vo.ResponseVO<com.fuzamei.bonuspoint.entity.dto.user.UserAddressDTO> com.fuzamei.bonuspoint.controller.user.member.MemberAddressQueryController.getDefaultAddress(com.fuzamei.bonuspoint.entity.Token)
2018-08-31 10:10:49,146 [main] INFO  o.s.w.s.m.m.a.RequestMappingHandlerMapping 547 - Mapped "{[/bonus-point/member/address/list],methods=[POST]}" onto public com.fuzamei.common.model.vo.ResponseVO<com.fuzamei.common.bean.PageBean<com.fuzamei.bonuspoint.entity.dto.user.UserAddressDTO>> com.fuzamei.bonuspoint.controller.user.member.MemberAddressQueryController.getUserAddressList(com.fuzamei.bonuspoint.entity.Token,com.fuzamei.common.model.vo.PageVO)
2018-08-31 10:10:49,146 [main] INFO  o.s.w.s.m.m.a.RequestMappingHandlerMapping 547 - Mapped "{[/bonus-point/member/contacts/create],methods=[POST]}" onto public com.fuzamei.common.model.vo.ResponseVO com.fuzamei.bonuspoint.controller.user.member.MemberManageController.createContact(com.fuzamei.bonuspoint.entity.Token,com.fuzamei.bonuspoint.entity.dto.user.ContactCreateDTO,org.springframework.validation.BindingResult)
2018-08-31 10:10:49,146 [main] INFO  o.s.w.s.m.m.a.RequestMappingHandlerMapping 547 - Mapped "{[/bonus-point/member/edit-nickname],methods=[PUT || POST]}" onto public com.fuzamei.common.model.vo.ResponseVO com.fuzamei.bonuspoint.controller.user.member.MemberManageController.updateNickname(com.fuzamei.bonuspoint.entity.Token,com.fuzamei.bonuspoint.entity.dto.user.UserDTO)
2018-08-31 10:10:49,146 [main] INFO  o.s.w.s.m.m.a.RequestMappingHandlerMapping 547 - Mapped "{[/bonus-point/member/contacts/delete],methods=[POST]}" onto public com.fuzamei.common.model.vo.ResponseVO com.fuzamei.bonuspoint.controller.user.member.MemberManageController.deleteContact(com.fuzamei.bonuspoint.entity.Token,com.fuzamei.bonuspoint.entity.dto.user.ContactCreateDTO,org.springframework.validation.BindingResult)
2018-08-31 10:10:49,146 [main] INFO  o.s.w.s.m.m.a.RequestMappingHandlerMapping 547 - Mapped "{[/bonus-point/member/contacts/update],methods=[POST]}" onto public com.fuzamei.common.model.vo.ResponseVO com.fuzamei.bonuspoint.controller.user.member.MemberManageController.updateContact(com.fuzamei.bonuspoint.entity.Token,com.fuzamei.bonuspoint.entity.dto.user.ContactCreateDTO,org.springframework.validation.BindingResult)
2018-08-31 10:10:49,146 [main] INFO  o.s.w.s.m.m.a.RequestMappingHandlerMapping 547 - Mapped "{[/bonus-point/member/member-register],methods=[POST]}" onto public com.fuzamei.common.model.vo.ResponseVO com.fuzamei.bonuspoint.controller.user.member.MemberManageController.memberRegister(java.lang.String)
2018-08-31 10:10:49,146 [main] INFO  o.s.w.s.m.m.a.RequestMappingHandlerMapping 547 - Mapped "{[/bonus-point/member/invite-info],methods=[POST]}" onto public com.fuzamei.common.model.vo.ResponseVO com.fuzamei.bonuspoint.controller.user.member.MemberQueryController.findInviteInfo(com.fuzamei.bonuspoint.entity.Token)
2018-08-31 10:10:49,162 [main] INFO  o.s.w.s.m.m.a.RequestMappingHandlerMapping 547 - Mapped "{[/bonus-point/member/contacts/list],methods=[POST]}" onto public com.fuzamei.common.model.vo.ResponseVO com.fuzamei.bonuspoint.controller.user.member.MemberQueryController.listContact(com.fuzamei.bonuspoint.entity.Token,com.fuzamei.bonuspoint.entity.dto.user.PagePointDTO)
2018-08-31 10:10:49,162 [main] INFO  o.s.w.s.m.m.a.RequestMappingHandlerMapping 547 - Mapped "{[/bonus-point/member/qrcode],methods=[POST]}" onto public com.fuzamei.common.model.vo.ResponseVO com.fuzamei.bonuspoint.controller.user.member.MemberQueryController.findQrcode(com.fuzamei.bonuspoint.entity.Token)
2018-08-31 10:10:49,162 [main] INFO  o.s.w.s.m.m.a.RequestMappingHandlerMapping 547 - Mapped "{[/bonus-point/member/memberLoginAPP],methods=[POST]}" onto public com.fuzamei.common.model.vo.ResponseVO com.fuzamei.bonuspoint.controller.user.member.MemberQueryController.memberLoginAPP(com.fuzamei.bonuspoint.entity.dto.user.UserDTO,org.springframework.validation.BindingResult)
2018-08-31 10:10:49,162 [main] INFO  o.s.w.s.m.m.a.RequestMappingHandlerMapping 547 - Mapped "{[/bonus-point/member/infoAPP],methods=[POST]}" onto public com.fuzamei.common.model.vo.ResponseVO com.fuzamei.bonuspoint.controller.user.member.MemberQueryController.findUserInfoAPP(com.fuzamei.bonuspoint.entity.Token)
2018-08-31 10:10:49,162 [main] INFO  o.s.w.s.m.m.a.RequestMappingHandlerMapping 547 - Mapped "{[/bonus-point/member/admin-login],methods=[POST]}" onto public com.fuzamei.common.model.vo.ResponseVO com.fuzamei.bonuspoint.controller.user.member.MemberQueryController.adminLogin(com.fuzamei.bonuspoint.entity.dto.user.UserDTO,org.springframework.validation.BindingResult)
2018-08-31 10:10:49,162 [main] INFO  o.s.w.s.m.m.a.RequestMappingHandlerMapping 547 - Mapped "{[/bonus-point/member/memberLoginAPPCaptcha],methods=[POST]}" onto public com.fuzamei.common.model.vo.ResponseVO com.fuzamei.bonuspoint.controller.user.member.MemberQueryController.memberLoginAPPCaptcha(com.fuzamei.bonuspoint.entity.dto.user.UserDTO,org.springframework.validation.BindingResult)
2018-08-31 10:10:49,162 [main] INFO  o.s.w.s.m.m.a.RequestMappingHandlerMapping 547 - Mapped "{[/bonus-point/platform/add-companyInfo],methods=[POST]}" onto public com.fuzamei.common.model.vo.ResponseVO com.fuzamei.bonuspoint.controller.user.platform.PlatformManageController.addConpanyInfo(com.fuzamei.bonuspoint.entity.Token,com.fuzamei.bonuspoint.entity.form.user.CompanyInfoFORM,org.springframework.validation.BindingResult)
2018-08-31 10:10:49,162 [main] INFO  o.s.w.s.m.m.a.RequestMappingHandlerMapping 547 - Mapped "{[/bonus-point/platform/edit-pointrate],methods=[PUT]}" onto public com.fuzamei.common.model.vo.ResponseVO com.fuzamei.bonuspoint.controller.user.platform.PlatformManageController.updateCompanyCashRate(com.fuzamei.bonuspoint.entity.Token,com.fuzamei.bonuspoint.entity.form.user.CompanyRateFORM,org.springframework.validation.BindingResult)
2018-08-31 10:10:49,162 [main] INFO  o.s.w.s.m.m.a.RequestMappingHandlerMapping 547 - Mapped "{[/bonus-point/platform/edit-cashrate],methods=[PUT]}" onto public com.fuzamei.common.model.vo.ResponseVO com.fuzamei.bonuspoint.controller.user.platform.PlatformManageController.setCompanyCashRate(com.fuzamei.bonuspoint.entity.Token,com.fuzamei.bonuspoint.entity.form.user.CompanyRateFORM,org.springframework.validation.BindingResult)
2018-08-31 10:10:49,177 [main] INFO  o.s.w.s.m.m.a.RequestMappingHandlerMapping 547 - Mapped "{[/bonus-point/platform/update-base-info],methods=[POST]}" onto public com.fuzamei.common.model.vo.ResponseVO com.fuzamei.bonuspoint.controller.user.platform.PlatformManageController.updateSelfPlatformBaseInfo(com.fuzamei.bonuspoint.entity.Token,com.fuzamei.bonuspoint.entity.form.user.PlatformBaseInfoFORM,org.springframework.validation.BindingResult)
2018-08-31 10:10:49,177 [main] INFO  o.s.w.s.m.m.a.RequestMappingHandlerMapping 547 - Mapped "{[/bonus-point/platform/inviteInfo],methods=[POST]}" onto public com.fuzamei.common.model.vo.ResponseVO com.fuzamei.bonuspoint.controller.user.platform.PlatformQueryController.inviteInfo(com.fuzamei.bonuspoint.entity.Token,java.lang.String)
2018-08-31 10:10:49,177 [main] INFO  o.s.w.s.m.m.a.RequestMappingHandlerMapping 547 - Mapped "{[/bonus-point/platform/platform-base-info],methods=[GET]}" onto public com.fuzamei.common.model.vo.ResponseVO<com.fuzamei.bonuspoint.entity.vo.user.PlatformBaseInfoVO> com.fuzamei.bonuspoint.controller.user.platform.PlatformQueryController.getCompanyBaseInfo(com.fuzamei.bonuspoint.entity.Token)
2018-08-31 10:10:49,177 [main] INFO  o.s.w.s.m.m.a.RequestMappingHandlerMapping 547 - Mapped "{[/bonus-point/platform/list-companyInfo],methods=[POST]}" onto public com.fuzamei.common.model.vo.ResponseVO com.fuzamei.bonuspoint.controller.user.platform.PlatformQueryController.getCompanyInfoList(com.fuzamei.bonuspoint.entity.Token,com.fuzamei.common.model.vo.PageVO)
2018-08-31 10:10:49,177 [main] INFO  o.s.w.s.m.m.a.RequestMappingHandlerMapping 547 - Mapped "{[/bonus-point/platform/list-userInfo],methods=[POST]}" onto public com.fuzamei.common.model.vo.ResponseVO com.fuzamei.bonuspoint.controller.user.platform.PlatformQueryController.getUserInfoListFromPlatform(com.fuzamei.bonuspoint.entity.Token,com.fuzamei.bonuspoint.entity.dto.user.PagePointDTO)
2018-08-31 10:10:49,177 [main] INFO  o.s.w.s.m.m.a.RequestMappingHandlerMapping 547 - Mapped "{[/bonus-point/platform/list-companyCashRateInfo],methods=[POST]}" onto public com.fuzamei.common.model.vo.ResponseVO com.fuzamei.bonuspoint.controller.user.platform.PlatformQueryController.getCompanyCashRateList(com.fuzamei.bonuspoint.entity.Token,com.fuzamei.bonuspoint.entity.vo.user.CompanyInfoVO)
2018-08-31 10:10:49,177 [main] INFO  o.s.w.s.m.m.a.RequestMappingHandlerMapping 547 - Mapped "{[/bonus-point/platform/list-companyPointRateInfo],methods=[POST]}" onto public com.fuzamei.common.model.vo.ResponseVO com.fuzamei.bonuspoint.controller.user.platform.PlatformQueryController.getCompanyPointRateList(com.fuzamei.bonuspoint.entity.Token,com.fuzamei.bonuspoint.entity.vo.user.CompanyInfoVO)
2018-08-31 10:10:49,177 [main] INFO  o.s.w.s.m.m.a.RequestMappingHandlerMapping 547 - Mapped "{[/bonus-point/platform/list-userInfoBigPlatform],methods=[POST]}" onto public com.fuzamei.common.model.vo.ResponseVO com.fuzamei.bonuspoint.controller.user.platform.PlatformQueryController.getUserInfoListFromBigPlatform(com.fuzamei.bonuspoint.entity.Token,com.fuzamei.bonuspoint.entity.dto.user.PagePointDTO)
2018-08-31 10:10:49,177 [main] INFO  o.s.w.s.m.m.a.RequestMappingHandlerMapping 547 - Mapped "{[/bonus-point/member/upload/image || /bonus-point/company/upload/image],methods=[POST]}" onto public com.fuzamei.common.model.vo.ResponseVO com.fuzamei.bonuspoint.controller.user.UserManageController.uploadImage(com.fuzamei.bonuspoint.entity.Token,com.fuzamei.bonuspoint.entity.dto.user.ImageDTO)
2018-08-31 10:10:49,193 [main] INFO  o.s.w.s.m.m.a.RequestMappingHandlerMapping 547 - Mapped "{[/bonus-point/browser-login],methods=[POST]}" onto public com.fuzamei.common.model.vo.ResponseVO com.fuzamei.bonuspoint.controller.user.UserQueryController.memberLogin(java.lang.String)
2018-08-31 10:10:49,193 [main] INFO  o.s.w.s.m.m.a.RequestMappingHandlerMapping 547 - Mapped "{[/bonus-point/query/point-sum],methods=[GET]}" onto public com.fuzamei.common.model.vo.ResponseVO com.fuzamei.bonuspoint.controller.user.UserQueryController.getCompanyPoint(com.fuzamei.bonuspoint.entity.Token,java.lang.Long)
2018-08-31 10:10:49,193 [main] INFO  o.s.w.s.m.m.a.RequestMappingHandlerMapping 547 - Mapped "{[/bonus-point/info],methods=[POST]}" onto public com.fuzamei.common.model.vo.ResponseVO com.fuzamei.bonuspoint.controller.user.UserQueryController.findUserInfo(com.fuzamei.bonuspoint.entity.Token)
2018-08-31 10:10:49,193 [main] INFO  o.s.w.s.m.m.a.RequestMappingHandlerMapping 547 - Mapped "{[/bonus-point/user/is-mobile-exist],methods=[POST]}" onto public com.fuzamei.common.model.vo.ResponseVO com.fuzamei.bonuspoint.controller.user.UserQueryController.isMobileExist(com.fuzamei.bonuspoint.entity.vo.account.AccountVO)
2018-08-31 10:10:49,193 [main] INFO  o.s.w.s.m.m.a.RequestMappingHandlerMapping 547 - Mapped "{[/bonus-point/user/get-account-info-by-mobile],methods=[POST]}" onto public com.fuzamei.common.model.vo.ResponseVO<java.util.List<com.fuzamei.bonuspoint.entity.vo.account.AccountInfoVO>> com.fuzamei.bonuspoint.controller.user.UserQueryController.getUserAccountInfoByMobile(com.fuzamei.bonuspoint.entity.Token,com.fuzamei.bonuspoint.entity.vo.account.AccountVO)
2018-08-31 10:10:49,193 [main] INFO  o.s.w.s.m.m.a.RequestMappingHandlerMapping 547 - Mapped "{[/bonus-point/user/get-account-info-by-publicKey],methods=[POST]}" onto public com.fuzamei.common.model.vo.ResponseVO<com.fuzamei.bonuspoint.entity.vo.account.AccountInfoVO> com.fuzamei.bonuspoint.controller.user.UserQueryController.getUserAccountInfoByPublicKey(com.fuzamei.bonuspoint.entity.Token,com.fuzamei.bonuspoint.entity.vo.account.AccountVO)
2018-08-31 10:10:49,193 [main] INFO  o.s.w.s.m.m.a.RequestMappingHandlerMapping 547 - Mapped "{[/error]}" onto public org.springframework.http.ResponseEntity<java.util.Map<java.lang.String, java.lang.Object>> org.springframework.boot.autoconfigure.web.servlet.error.BasicErrorController.error(javax.servlet.http.HttpServletRequest)
2018-08-31 10:10:49,193 [main] INFO  o.s.w.s.m.m.a.RequestMappingHandlerMapping 547 - Mapped "{[/error],produces=[text/html]}" onto public org.springframework.web.servlet.ModelAndView org.springframework.boot.autoconfigure.web.servlet.error.BasicErrorController.errorHtml(javax.servlet.http.HttpServletRequest,javax.servlet.http.HttpServletResponse)
2018-08-31 10:10:49,240 [main] INFO  o.s.w.s.h.SimpleUrlHandlerMapping 373 - Mapped URL path [/webjars/**] onto handler of type [class org.springframework.web.servlet.resource.ResourceHttpRequestHandler]
2018-08-31 10:10:49,240 [main] INFO  o.s.w.s.h.SimpleUrlHandlerMapping 373 - Mapped URL path [/**] onto handler of type [class org.springframework.web.servlet.resource.ResourceHttpRequestHandler]
2018-08-31 10:10:49,255 [main] INFO  o.s.w.s.m.m.a.ExceptionHandlerExceptionResolver 288 - Detected @ExceptionHandler methods in myExceptionHandler
2018-08-31 10:10:49,255 [main] INFO  o.s.w.s.m.m.a.ExceptionHandlerExceptionResolver 294 - Detected ResponseBodyAdvice implementation in myResponseControllerAdvice
2018-08-31 10:10:49,354 [main] INFO  t.m.m.a.MapperCacheDisabler 60 - Clear tk.mybatis.mapper.util.MsUtil CLASS_CACHE cache.
2018-08-31 10:10:49,354 [main] INFO  t.m.m.a.MapperCacheDisabler 60 - Clear tk.mybatis.mapper.genid.GenIdUtil CACHE cache.
2018-08-31 10:10:49,354 [main] INFO  t.m.m.a.MapperCacheDisabler 60 - Clear tk.mybatis.mapper.version.VersionUtil CACHE cache.
2018-08-31 10:10:49,354 [main] INFO  t.m.m.a.MapperCacheDisabler 83 - Clear EntityHelper entityTableMap cache.
2018-08-31 10:10:49,973 [main] INFO  o.s.u.f.SpringTemplateLoader 62 - SpringTemplateLoader for FreeMarker: using resource loader [org.springframework.boot.web.servlet.context.AnnotationConfigServletWebServerApplicationContext@10ef5fa0: startup date [Fri Aug 31 10:10:39 CST 2018]; parent: org.springframework.context.annotation.AnnotationConfigApplicationContext@b9b00e0] and template loader path [classpath:/templates/]
2018-08-31 10:10:49,974 [main] INFO  o.s.w.s.v.f.FreeMarkerConfigurer 131 - ClassTemplateLoader for Spring macros added to FreeMarker configuration
2018-08-31 10:10:49,996 [main] WARN  o.s.b.a.f.FreeMarkerAutoConfiguration 79 - Cannot find template location(s): [classpath:/templates/] (please add some templates, check your FreeMarker configuration, or set spring.freemarker.checkTemplateLocation=false)
2018-08-31 10:10:50,322 [main] INFO  c.netflix.discovery.DiscoveryClient 888 - Shutting down DiscoveryClient ...
2018-08-31 10:10:50,328 [main] INFO  c.netflix.discovery.DiscoveryClient 911 - Completed shut down of DiscoveryClient
2018-08-31 10:10:50,369 [main] INFO  o.s.b.a.e.web.EndpointLinksResolver 59 - Exposing 2 endpoint(s) beneath base path '/actuator'
2018-08-31 10:10:50,369 [main] INFO  o.s.b.a.e.w.s.WebMvcEndpointHandlerMapping 547 - Mapped "{[/actuator/health],methods=[GET],produces=[application/vnd.spring-boot.actuator.v2+json || application/json]}" onto public java.lang.Object org.springframework.boot.actuate.endpoint.web.servlet.AbstractWebMvcEndpointHandlerMapping$OperationHandler.handle(javax.servlet.http.HttpServletRequest,java.util.Map<java.lang.String, java.lang.String>)
2018-08-31 10:10:50,369 [main] INFO  o.s.b.a.e.w.s.WebMvcEndpointHandlerMapping 547 - Mapped "{[/actuator/info],methods=[GET],produces=[application/vnd.spring-boot.actuator.v2+json || application/json]}" onto public java.lang.Object org.springframework.boot.actuate.endpoint.web.servlet.AbstractWebMvcEndpointHandlerMapping$OperationHandler.handle(javax.servlet.http.HttpServletRequest,java.util.Map<java.lang.String, java.lang.String>)
2018-08-31 10:10:50,369 [main] INFO  o.s.b.a.e.w.s.WebMvcEndpointHandlerMapping 547 - Mapped "{[/actuator],methods=[GET],produces=[application/vnd.spring-boot.actuator.v2+json || application/json]}" onto protected java.util.Map<java.lang.String, java.util.Map<java.lang.String, org.springframework.boot.actuate.endpoint.web.Link>> org.springframework.boot.actuate.endpoint.web.servlet.WebMvcEndpointHandlerMapping.links(javax.servlet.http.HttpServletRequest,javax.servlet.http.HttpServletResponse)
2018-08-31 10:10:50,440 [main] INFO  o.s.j.e.a.AnnotationMBeanExporter 433 - Registering beans for JMX exposure on startup
2018-08-31 10:10:50,440 [main] INFO  o.s.j.e.a.AnnotationMBeanExporter 895 - Bean with name 'statFilter' has been autodetected for JMX exposure
2018-08-31 10:10:50,440 [main] INFO  o.s.j.e.a.AnnotationMBeanExporter 895 - Bean with name 'dataSource' has been autodetected for JMX exposure
2018-08-31 10:10:50,456 [main] INFO  o.s.j.e.a.AnnotationMBeanExporter 895 - Bean with name 'environmentManager' has been autodetected for JMX exposure
2018-08-31 10:10:50,456 [main] INFO  o.s.j.e.a.AnnotationMBeanExporter 895 - Bean with name 'refreshScope' has been autodetected for JMX exposure
2018-08-31 10:10:50,456 [main] INFO  o.s.j.e.a.AnnotationMBeanExporter 895 - Bean with name 'configurationPropertiesRebinder' has been autodetected for JMX exposure
2018-08-31 10:10:50,456 [main] INFO  o.s.j.e.a.AnnotationMBeanExporter 675 - Located managed bean 'environmentManager': registering with JMX server as MBean [org.springframework.cloud.context.environment:name=environmentManager,type=EnvironmentManager]
2018-08-31 10:10:50,480 [main] INFO  o.s.j.e.a.AnnotationMBeanExporter 675 - Located managed bean 'refreshScope': registering with JMX server as MBean [org.springframework.cloud.context.scope.refresh:name=refreshScope,type=RefreshScope]
2018-08-31 10:10:50,499 [main] INFO  o.s.j.e.a.AnnotationMBeanExporter 675 - Located managed bean 'configurationPropertiesRebinder': registering with JMX server as MBean [org.springframework.cloud.context.properties:name=configurationPropertiesRebinder,context=10ef5fa0,type=ConfigurationPropertiesRebinder]
2018-08-31 10:10:50,504 [main] INFO  o.s.j.e.a.AnnotationMBeanExporter 668 - Located MBean 'dataSource': registering with JMX server as MBean [com.alibaba.druid.spring.boot.autoconfigure:name=dataSource,type=DruidDataSourceWrapper]
2018-08-31 10:10:50,506 [main] INFO  o.s.j.e.a.AnnotationMBeanExporter 668 - Located MBean 'statFilter': registering with JMX server as MBean [com.alibaba.druid.filter.stat:name=statFilter,type=StatFilter]
2018-08-31 10:10:50,520 [main] INFO  o.s.c.s.DefaultLifecycleProcessor 351 - Starting beans in phase 0
2018-08-31 10:10:50,520 [main] INFO  o.s.c.n.eureka.InstanceInfoFactory 71 - Setting initial instance status as: STARTING
2018-08-31 10:10:50,536 [main] INFO  c.netflix.discovery.DiscoveryClient 349 - Initializing Eureka in region us-east-1
2018-08-31 10:10:50,538 [main] INFO  c.n.d.p.DiscoveryJerseyProvider 70 - Using JSON encoding codec LegacyJacksonJson
2018-08-31 10:10:50,538 [main] INFO  c.n.d.p.DiscoveryJerseyProvider 71 - Using JSON decoding codec LegacyJacksonJson
2018-08-31 10:10:50,538 [main] INFO  c.n.d.p.DiscoveryJerseyProvider 80 - Using XML encoding codec XStreamXml
2018-08-31 10:10:50,538 [main] INFO  c.n.d.p.DiscoveryJerseyProvider 81 - Using XML decoding codec XStreamXml
2018-08-31 10:10:50,585 [main] INFO  c.n.d.s.r.aws.ConfigClusterResolver 43 - Resolving eureka endpoints via configuration
2018-08-31 10:10:50,585 [main] INFO  c.netflix.discovery.DiscoveryClient 958 - Disable delta property : false
2018-08-31 10:10:50,585 [main] INFO  c.netflix.discovery.DiscoveryClient 959 - Single vip registry refresh property : null
2018-08-31 10:10:50,585 [main] INFO  c.netflix.discovery.DiscoveryClient 960 - Force full registry fetch : false
2018-08-31 10:10:50,585 [main] INFO  c.netflix.discovery.DiscoveryClient 961 - Application is null : false
2018-08-31 10:10:50,585 [main] INFO  c.netflix.discovery.DiscoveryClient 962 - Registered Applications size is zero : true
2018-08-31 10:10:50,585 [main] INFO  c.netflix.discovery.DiscoveryClient 964 - Application version is -1: true
2018-08-31 10:10:50,585 [main] INFO  c.netflix.discovery.DiscoveryClient 1047 - Getting all instance registry info from the eureka server
2018-08-31 10:10:50,688 [main] INFO  c.netflix.discovery.DiscoveryClient 1056 - The response status is 200
2018-08-31 10:10:50,690 [main] INFO  c.netflix.discovery.DiscoveryClient 1264 - Starting heartbeat executor: renew interval is: 30
2018-08-31 10:10:50,696 [main] INFO  c.n.discovery.InstanceInfoReplicator 60 - InstanceInfoReplicator onDemand update allowed rate per min is 4
2018-08-31 10:10:50,698 [main] INFO  c.netflix.discovery.DiscoveryClient 449 - Discovery Client initialized at timestamp 1535681450698 with initial instances count: 3
2018-08-31 10:10:50,702 [main] INFO  o.s.c.n.e.s.EurekaServiceRegistry 42 - Registering application bonus-point-service with eureka with status UP
2018-08-31 10:10:50,702 [main] INFO  c.netflix.discovery.DiscoveryClient 1299 - Saw local status change event StatusChangeEvent [timestamp=1535681450702, current=UP, previous=STARTING]
2018-08-31 10:10:50,702 [DiscoveryClient-InstanceInfoReplicator-0] INFO  c.netflix.discovery.DiscoveryClient 826 - DiscoveryClient_BONUS-POINT-SERVICE/192.168.23.172:9001: registering service...
2018-08-31 10:10:50,780 [DiscoveryClient-InstanceInfoReplicator-0] INFO  c.netflix.discovery.DiscoveryClient 835 - DiscoveryClient_BONUS-POINT-SERVICE/192.168.23.172:9001 - registration status: 204
2018-08-31 10:10:50,854 [main] INFO  o.s.s.a.ScheduledAnnotationBeanPostProcessor 275 - No TaskScheduler/ScheduledExecutorService bean found for scheduled processing
2018-08-31 10:10:50,869 [main] INFO  o.a.coyote.http11.Http11NioProtocol 180 - Starting ProtocolHandler ["http-nio-9001"]
2018-08-31 10:10:50,885 [main] INFO  o.a.tomcat.util.net.NioSelectorPool 180 - Using a shared selector for servlet write/read
2018-08-31 10:10:50,915 [main] INFO  o.s.b.w.e.tomcat.TomcatWebServer 206 - Tomcat started on port(s): 9001 (http) with context path ''
2018-08-31 10:10:50,916 [main] INFO  o.s.c.n.e.s.EurekaAutoServiceRegistration 124 - Updating port to 9001
2018-08-31 10:10:50,918 [main] INFO  c.f.bonuspoint.BonuspointApplication 59 - Started BonuspointApplication in 37.405 seconds (JVM running for 38.323)
2018-08-31 10:10:50,943 [main] INFO  c.f.bonuspoint.util.HttpClientUtil 46 - POST URL: http://122.224.124.250:10158, params: {"jsonrpc":"2.0","method":"Chain33.GenSeed","params":[{"lang":0}]}
2018-08-31 10:10:55,986 [main] INFO  c.f.bonuspoint.util.HttpClientUtil 68 - POST ERRORConnect to 122.224.124.250:10158 [/122.224.124.250] failed: connect timed out
2018-08-31 10:10:55,986 [main] INFO  c.f.bonuspoint.blockchain.bc.InitBC 58 - 
null
2018-08-31 10:10:55,994 [main] INFO  c.f.bonuspoint.blockchain.bc.InitBC 78 - 
2018-08-31 10:10:56,067 [main] INFO  c.f.bonuspoint.util.HttpClientUtil 46 - POST URL: http://122.224.124.250:10158, params: {"jsonrpc":"2.0","method":"Chain33.SendTransaction","params":[{"data":"0a0c62726f6b6572706f696e747312050a009001011a66080212200c5c8dbaac85400767494836bbf6b70294ccd3072f3233d5be280198ed7788ad1a40fbb1225acdd47a68653ccbb5090c8fbc70cef62050c1666e39ecaeec22fac8acb78436c4dad0b6bcc8ddafefdf9ea5b02b0040f582e8bde98d91974c64ce330320c0843d3090d5b9b89ebb063a223144457074735442704b705835754347554a7a6a4b4a63673644454c347064646147"}]}
2018-08-31 10:11:01,068 [main] INFO  c.f.bonuspoint.util.HttpClientUtil 68 - POST ERRORConnect to 122.224.124.250:10158 [/122.224.124.250] failed: connect timed out
2018-08-31 10:11:01,068 [main] INFO  c.f.b.blockchain.util.BlockChainUtil 82 - 
null
2018-08-31 10:11:01,068 [main] INFO  c.f.b.c.MsgInitPlatformListener 70 - null
2018-08-31 10:11:01,068 [main] INFO  c.f.bonuspoint.blockchain.bc.InitBC 90 - 
2018-08-31 10:11:01,083 [main] INFO  c.f.bonuspoint.util.HttpClientUtil 46 - POST URL: http://122.224.124.250:10158, params: {"jsonrpc":"2.0","method":"Chain33.SendTransaction","params":[{"data":"0a0c62726f6b6572706f696e74731210120b0a01311201311a03302e359001021a66080212200c5c8dbaac85400767494836bbf6b70294ccd3072f3233d5be280198ed7788ad1a40a8778aff5338b4659effe6e8b0ddabce3e6a9a48984207c6dbabbe7d58fd2f29e0e684a443a00d30c2e9127348012768421e9011de82e1d2c8a7353d862d0d0820c0843d3090b5d7b99ebb063a223144457074735442704b705835754347554a7a6a4b4a63673644454c347064646147"}]}
2018-08-31 10:11:06,084 [main] INFO  c.f.bonuspoint.util.HttpClientUtil 68 - POST ERRORConnect to 122.224.124.250:10158 [/122.224.124.250] failed: connect timed out
2018-08-31 10:11:06,084 [main] INFO  c.f.b.blockchain.util.BlockChainUtil 82 - 
null
2018-08-31 10:11:06,084 [main] INFO  c.f.b.c.MsgInitPlatformListener 90 - null
2018-08-31 10:11:06,379 [RMI TCP Connection(26)-127.0.0.1] INFO  o.a.c.c.C.[Tomcat].[localhost].[/] 180 - Initializing Spring FrameworkServlet 'dispatcherServlet'
2018-08-31 10:11:06,380 [RMI TCP Connection(26)-127.0.0.1] INFO  o.s.web.servlet.DispatcherServlet 494 - FrameworkServlet 'dispatcherServlet': initialization started
2018-08-31 10:11:06,398 [RMI TCP Connection(26)-127.0.0.1] INFO  o.s.web.servlet.DispatcherServlet 509 - FrameworkServlet 'dispatcherServlet': initialization completed in 18 ms
2018-08-31 10:11:06,617 [RMI TCP Connection(24)-127.0.0.1] INFO  o.s.c.c.c.ConfigServicePropertySourceLocator 186 - Multiple Config Server Urls found listed.
2018-08-31 10:11:06,617 [RMI TCP Connection(24)-127.0.0.1] INFO  o.s.c.c.c.ConfigServicePropertySourceLocator 205 - Fetching config from server at : http://192.168.23.172:8888/
2018-08-31 10:11:07,809 [RMI TCP Connection(24)-127.0.0.1] INFO  o.s.c.c.c.ConfigServicePropertySourceLocator 149 - Located environment: name=bonus-point-service, profiles=[application,application-prod,config,redis,regular], label=master, version=cd0cf98063168462a4b4d4fae546ac2cfa7d6816, state=null
2018-08-31 10:11:45,957 [http-nio-9001-exec-8] INFO  c.f.b.interceptor.TokenInterceptor 51 - /bonus-point/excel/company/exchangeGeneral
2018-08-31 10:11:46,114 [http-nio-9001-exec-8] INFO  c.f.b.interceptor.IdentityIntercept 48 - {}/bonus-point/excel/company/exchangeGeneral
2018-08-31 10:11:46,129 [http-nio-9001-exec-8] INFO  c.f.b.c.d.excel.ExcelQueryController 219 - 
2018-08-31 10:11:46,539 [http-nio-9001-exec-8] INFO  c.f.b.i.TokenTimeInterceptor 66 - token
2018-08-31 10:15:50,601 [AsyncResolver-bootstrap-executor-0] INFO  c.n.d.s.r.aws.ConfigClusterResolver 43 - Resolving eureka endpoints via configuration
2018-08-31 10:20:50,618 [AsyncResolver-bootstrap-executor-0] INFO  c.n.d.s.r.aws.ConfigClusterResolver 43 - Resolving eureka endpoints via configuration
